<?xml version="1.0" encoding="UTF-8"?>
<testsuites name="SmokeTestSuite" time="179.404" tests="8" failures="4" errors="0">
   <testsuite name="SmokeTestSuite" tests="8" failures="4" errors="0" time="179.404" skipped="0" timestamp="2022-10-10 14:53:04" hostname="pasindus - ITELPTD031.embla.lk" id="Test Suites/SmokeTestSuite">
      <properties>
         <property name="deviceName" value=""/>
         <property name="devicePlatform" value=""/>
         <property name="logFolder" value="C:\\Users\\PasinduS\\Katalon Studio\\EmblaFT\\Reports\\20221010_145253\\SmokeTestSuite\\20221010_145253"/>
         <property name="logFiles" value="C:\\Users\\PasinduS\\Katalon Studio\\EmblaFT\\Reports\\20221010_145253\\SmokeTestSuite\\20221010_145253\\execution0.log"/>
         <property name="attachments" value="C:\\Users\\PasinduS\\Katalon Studio\\EmblaFT\\Reports\\20221010_145253\\SmokeTestSuite\\20221010_145253\\1665393827397.png, C:\\Users\\PasinduS\\Katalon Studio\\EmblaFT\\Reports\\20221010_145253\\SmokeTestSuite\\20221010_145253\\1665393863956.png, C:\\Users\\PasinduS\\Katalon Studio\\EmblaFT\\Reports\\20221010_145253\\SmokeTestSuite\\20221010_145253\\1665393903592.png, C:\\Users\\PasinduS\\Katalon Studio\\EmblaFT\\Reports\\20221010_145253\\SmokeTestSuite\\20221010_145253\\1665393951928.png"/>
         <property name="hostName" value="pasindus - ITELPTD031.embla.lk"/>
         <property name="os" value="Windows 10 64bit"/>
         <property name="katalonVersion" value="8.4.1.208"/>
         <property name="browser" value="Chrome 106.0.0.0"/>
         <property name="hostAddress" value="192.168.1.52"/>
         <property name="sessionId" value="d99ef1d23d69517defe9e2fa9edc4190"/>
         <property name="seleniumVersion" value="3.141.59"/>
         <property name="proxyInformation" value="ProxyInformation { proxyOption=NO_PROXY, proxyServerType=HTTP, username=, password=********, proxyServerAddress=, proxyServerPort=0, executionList=&quot;&quot;, isApplyToDesiredCapabilities=true }"/>
         <property name="platform" value="Windows 10"/>
      </properties>
      <testcase name="Test Cases/SmokeTestCases/Login" time="40.243" classname="Test Cases/SmokeTestCases/Login" status="PASSED">
         <system-out><![CDATA[2022-10-10 14:53:04 - [TEST_CASE][PASSED] - Test Cases/SmokeTestCases/Login: Test Cases/SmokeTestCases/Login

2022-10-10 14:53:04 - [TEST_STEP][PASSED] - openBrowser(""): Browser is opened with url: ''

2022-10-10 14:53:04 - [MESSAGE][INFO] - Starting 'Chrome' driver

2022-10-10 14:53:04 - [MESSAGE][INFO] - Action delay is set to 0 milliseconds

2022-10-10 14:53:06 - [MESSAGE][PASSED] - Browser is opened with url: ''

2022-10-10 14:53:06 - [TEST_STEP][PASSED] - deleteAllCookies(): Delete all cookies successfully

2022-10-10 14:53:06 - [MESSAGE][PASSED] - Delete all cookies successfully

2022-10-10 14:53:06 - [TEST_STEP][PASSED] - maximizeWindow(): Current window maximized

2022-10-10 14:53:06 - [MESSAGE][PASSED] - Current window maximized

2022-10-10 14:53:06 - [TEST_STEP][PASSED] - navigateToUrl("https://dev.embla.no/"): Navigate to 'https://dev.embla.no/' successfully

2022-10-10 14:53:09 - [MESSAGE][PASSED] - Navigate to 'https://dev.embla.no/' successfully

2022-10-10 14:53:09 - [TEST_STEP][PASSED] - delay(3): Delayed 3 second(s)

2022-10-10 14:53:12 - [MESSAGE][PASSED] - Delayed 3 second(s)

2022-10-10 14:53:12 - [TEST_STEP][PASSED] - click(findTestObject("Objects Base/Page_Embla Norsk Familiehistorie/input_Passord_Email")): Object: 'Object Repository/Objects Base/Page_Embla Norsk Familiehistorie/input_Passord_Email' is clicked on

2022-10-10 14:53:12 - [MESSAGE][PASSED] - Object: 'Object Repository/Objects Base/Page_Embla Norsk Familiehistorie/input_Passord_Email' is clicked on

2022-10-10 14:53:12 - [TEST_STEP][PASSED] - setText(findTestObject("Objects Base/Page_Embla Norsk Familiehistorie/input_Passord_Email", ["variable":"eranga@embla.asia"]), "eranga@embla.asia"): Text 'eranga@embla.asia' is set on object 'Object Repository/Objects Base/Page_Embla Norsk Familiehistorie/input_Passord_Email'

2022-10-10 14:53:13 - [MESSAGE][PASSED] - Text 'eranga@embla.asia' is set on object 'Object Repository/Objects Base/Page_Embla Norsk Familiehistorie/input_Passord_Email'

2022-10-10 14:53:13 - [TEST_STEP][PASSED] - click(findTestObject("Objects Base/Page_Embla Norsk Familiehistorie/input_Passord_Password")): Object: 'Object Repository/Objects Base/Page_Embla Norsk Familiehistorie/input_Passord_Password' is clicked on

2022-10-10 14:53:13 - [MESSAGE][PASSED] - Object: 'Object Repository/Objects Base/Page_Embla Norsk Familiehistorie/input_Passord_Password' is clicked on

2022-10-10 14:53:13 - [TEST_STEP][PASSED] - setText(findTestObject("Objects Base/Page_Embla Norsk Familiehistorie/input_Passord_Password"), "test123"): Text 'test123' is set on object 'Object Repository/Objects Base/Page_Embla Norsk Familiehistorie/input_Passord_Password'

2022-10-10 14:53:14 - [MESSAGE][PASSED] - Text 'test123' is set on object 'Object Repository/Objects Base/Page_Embla Norsk Familiehistorie/input_Passord_Password'

2022-10-10 14:53:14 - [TEST_STEP][PASSED] - delay(1): Delayed 1 second(s)

2022-10-10 14:53:15 - [MESSAGE][PASSED] - Delayed 1 second(s)

2022-10-10 14:53:15 - [TEST_STEP][PASSED] - click(findTestObject("Objects Base/Page_Embla Norsk Familiehistorie/input_Passord_login_locktop login2")): Object: 'Object Repository/Objects Base/Page_Embla Norsk Familiehistorie/input_Passord_login_locktop login2' is clicked on

2022-10-10 14:53:32 - [MESSAGE][PASSED] - Object: 'Object Repository/Objects Base/Page_Embla Norsk Familiehistorie/input_Passord_login_locktop login2' is clicked on

2022-10-10 14:53:32 - [TEST_STEP][PASSED] - navigateToUrl("https://dev.embla.no/Account/Login"): Navigate to 'https://dev.embla.no/Account/Login' successfully

2022-10-10 14:53:32 - [MESSAGE][PASSED] - Navigate to 'https://dev.embla.no/Account/Login' successfully

2022-10-10 14:53:32 - [TEST_STEP][PASSED] - waitForPageLoad(7): Wait for page load successfully

2022-10-10 14:53:32 - [MESSAGE][PASSED] - Wait for page load successfully

2022-10-10 14:53:32 - [TEST_STEP][PASSED] - click(findTestObject("Objects Base/Page_Embla Norsk Familiehistorie/a_Versjon 10")): Object: 'Object Repository/Objects Base/Page_Embla Norsk Familiehistorie/a_Versjon 10' is clicked on

2022-10-10 14:53:41 - [MESSAGE][PASSED] - Object: 'Object Repository/Objects Base/Page_Embla Norsk Familiehistorie/a_Versjon 10' is clicked on

2022-10-10 14:53:41 - [TEST_STEP][PASSED] - delay(3): Delayed 3 second(s)

2022-10-10 14:53:44 - [MESSAGE][PASSED] - Delayed 3 second(s)]]></system-out>
         <system-err><![CDATA[]]></system-err>
      </testcase>
      <testcase name="Test Cases/SmokeTestCases/CreateNewFamilyTree" time="3.299" classname="Test Cases/SmokeTestCases/CreateNewFamilyTree" status="FAILED">
         <failure type="FAILED" message="Test Cases/SmokeTestCases/CreateNewFamilyTree FAILED.
Reason:
com.kms.katalon.core.exception.StepFailedException: Unable to set text
	at com.kms.katalon.core.webui.keyword.internal.WebUIKeywordMain.stepFailed(WebUIKeywordMain.groovy:64)
	at com.kms.katalon.core.webui.keyword.internal.WebUIKeywordMain.runKeyword(WebUIKeywordMain.groovy:26)
	at com.kms.katalon.core.webui.keyword.builtin.SetTextKeyword.setText(SetTextKeyword.groovy:66)
	at com.kms.katalon.core.webui.keyword.builtin.SetTextKeyword.execute(SetTextKeyword.groovy:37)
	at com.kms.katalon.core.keyword.internal.KeywordExecutor.executeKeywordForPlatform(KeywordExecutor.groovy:74)
	at com.kms.katalon.core.webui.keyword.WebUiBuiltInKeywords.setText(WebUiBuiltInKeywords.groovy:980)
	at com.kms.katalon.core.webui.keyword.WebUiBuiltInKeywords$setText$4.call(Unknown Source)
	at CreateNewFamilyTree.run(CreateNewFamilyTree:24)
	at com.kms.katalon.core.main.ScriptEngine.run(ScriptEngine.java:194)
	at com.kms.katalon.core.main.ScriptEngine.runScriptAsRawText(ScriptEngine.java:119)
	at com.kms.katalon.core.main.TestCaseExecutor.runScript(TestCaseExecutor.java:448)
	at com.kms.katalon.core.main.TestCaseExecutor.doExecute(TestCaseExecutor.java:439)
	at com.kms.katalon.core.main.TestCaseExecutor.processExecutionPhase(TestCaseExecutor.java:418)
	at com.kms.katalon.core.main.TestCaseExecutor.accessMainPhase(TestCaseExecutor.java:410)
	at com.kms.katalon.core.main.TestCaseExecutor.execute(TestCaseExecutor.java:285)
	at com.kms.katalon.core.common.CommonExecutor.accessTestCaseMainPhase(CommonExecutor.java:65)
	at com.kms.katalon.core.main.TestSuiteExecutor.accessTestSuiteMainPhase(TestSuiteExecutor.java:144)
	at com.kms.katalon.core.main.TestSuiteExecutor.execute(TestSuiteExecutor.java:106)
	at com.kms.katalon.core.main.TestCaseMain.startTestSuite(TestCaseMain.java:185)
	at com.kms.katalon.core.main.TestCaseMain$startTestSuite$0.call(Unknown Source)
	at TempTestSuite1665393773144.run(TempTestSuite1665393773144.groovy:36)
Caused by: java.lang.IllegalArgumentException: Object is null
	at com.kms.katalon.core.helper.KeywordHelper.checkTestObjectParameter(KeywordHelper.java:33)
	at com.kms.katalon.core.webui.keyword.builtin.SetTextKeyword$_setText_closure1.doCall(SetTextKeyword.groovy:45)
	at com.kms.katalon.core.webui.keyword.builtin.SetTextKeyword$_setText_closure1.call(SetTextKeyword.groovy)
	at com.kms.katalon.core.webui.keyword.internal.WebUIKeywordMain.runKeyword(WebUIKeywordMain.groovy:20)
	... 19 more
"/>
         <system-out><![CDATA[2022-10-10 14:53:44 - [TEST_CASE][FAILED] - Test Cases/SmokeTestCases/CreateNewFamilyTree: Test Cases/SmokeTestCases/CreateNewFamilyTree FAILED.
Reason:
com.kms.katalon.core.exception.StepFailedException: Unable to set text
	at com.kms.katalon.core.webui.keyword.internal.WebUIKeywordMain.stepFailed(WebUIKeywordMain.groovy:64)
	at com.kms.katalon.core.webui.keyword.internal.WebUIKeywordMain.runKeyword(WebUIKeywordMain.groovy:26)
	at com.kms.katalon.core.webui.keyword.builtin.SetTextKeyword.setText(SetTextKeyword.groovy:66)
	at com.kms.katalon.core.webui.keyword.builtin.SetTextKeyword.execute(SetTextKeyword.groovy:37)
	at com.kms.katalon.core.keyword.internal.KeywordExecutor.executeKeywordForPlatform(KeywordExecutor.groovy:74)
	at com.kms.katalon.core.webui.keyword.WebUiBuiltInKeywords.setText(WebUiBuiltInKeywords.groovy:980)
	at com.kms.katalon.core.webui.keyword.WebUiBuiltInKeywords$setText$4.call(Unknown Source)
	at CreateNewFamilyTree.run(CreateNewFamilyTree:24)
	at com.kms.katalon.core.main.ScriptEngine.run(ScriptEngine.java:194)
	at com.kms.katalon.core.main.ScriptEngine.runScriptAsRawText(ScriptEngine.java:119)
	at com.kms.katalon.core.main.TestCaseExecutor.runScript(TestCaseExecutor.java:448)
	at com.kms.katalon.core.main.TestCaseExecutor.doExecute(TestCaseExecutor.java:439)
	at com.kms.katalon.core.main.TestCaseExecutor.processExecutionPhase(TestCaseExecutor.java:418)
	at com.kms.katalon.core.main.TestCaseExecutor.accessMainPhase(TestCaseExecutor.java:410)
	at com.kms.katalon.core.main.TestCaseExecutor.execute(TestCaseExecutor.java:285)
	at com.kms.katalon.core.common.CommonExecutor.accessTestCaseMainPhase(CommonExecutor.java:65)
	at com.kms.katalon.core.main.TestSuiteExecutor.accessTestSuiteMainPhase(TestSuiteExecutor.java:144)
	at com.kms.katalon.core.main.TestSuiteExecutor.execute(TestSuiteExecutor.java:106)
	at com.kms.katalon.core.main.TestCaseMain.startTestSuite(TestCaseMain.java:185)
	at com.kms.katalon.core.main.TestCaseMain$startTestSuite$0.call(Unknown Source)
	at TempTestSuite1665393773144.run(TempTestSuite1665393773144.groovy:36)
Caused by: java.lang.IllegalArgumentException: Object is null
	at com.kms.katalon.core.helper.KeywordHelper.checkTestObjectParameter(KeywordHelper.java:33)
	at com.kms.katalon.core.webui.keyword.builtin.SetTextKeyword$_setText_closure1.doCall(SetTextKeyword.groovy:45)
	at com.kms.katalon.core.webui.keyword.builtin.SetTextKeyword$_setText_closure1.call(SetTextKeyword.groovy)
	at com.kms.katalon.core.webui.keyword.internal.WebUIKeywordMain.runKeyword(WebUIKeywordMain.groovy:20)
	... 19 more


2022-10-10 14:53:44 - [TEST_STEP][PASSED] - click(findTestObject("Object Repository/Objects Base/CreateNewFamilyTree/Page_Embla Familie og Slekt/div_Hello PIG Administrere familietrrOppret_4b7e8e")): Object: 'Object Repository/Objects Base/CreateNewFamilyTree/Page_Embla Familie og Slekt/div_Hello PIG Administrere familietrrOppret_4b7e8e' is clicked on

2022-10-10 14:53:46 - [MESSAGE][PASSED] - Object: 'Object Repository/Objects Base/CreateNewFamilyTree/Page_Embla Familie og Slekt/div_Hello PIG Administrere familietrrOppret_4b7e8e' is clicked on

2022-10-10 14:53:46 - [TEST_STEP][PASSED] - click(findTestObject("Object Repository/Objects Base/CreateNewFamilyTree/Page_Embla Familie og Slekt/div_Opprett nytt slektstre")): Object: 'Object Repository/Objects Base/CreateNewFamilyTree/Page_Embla Familie og Slekt/div_Opprett nytt slektstre' is clicked on

2022-10-10 14:53:47 - [MESSAGE][PASSED] - Object: 'Object Repository/Objects Base/CreateNewFamilyTree/Page_Embla Familie og Slekt/div_Opprett nytt slektstre' is clicked on

2022-10-10 14:53:47 - [TEST_STEP][FAILED] - setText(findTestObject("Page_Embla Familie og Slekt/input_Navnet til familietreet_ProjectName"), "pasi tree2"): Unable to set text (Root cause: com.kms.katalon.core.exception.StepFailedException: Unable to set text
	at com.kms.katalon.core.webui.keyword.internal.WebUIKeywordMain.stepFailed(WebUIKeywordMain.groovy:64)
	at com.kms.katalon.core.webui.keyword.internal.WebUIKeywordMain.runKeyword(WebUIKeywordMain.groovy:26)
	at com.kms.katalon.core.webui.keyword.builtin.SetTextKeyword.setText(SetTextKeyword.groovy:66)
	at com.kms.katalon.core.webui.keyword.builtin.SetTextKeyword.execute(SetTextKeyword.groovy:37)
	at com.kms.katalon.core.keyword.internal.KeywordExecutor.executeKeywordForPlatform(KeywordExecutor.groovy:74)
	at com.kms.katalon.core.webui.keyword.WebUiBuiltInKeywords.setText(WebUiBuiltInKeywords.groovy:980)
	at com.kms.katalon.core.webui.keyword.WebUiBuiltInKeywords$setText$4.call(Unknown Source)
	at CreateNewFamilyTree.run(CreateNewFamilyTree:24)
	at com.kms.katalon.core.main.ScriptEngine.run(ScriptEngine.java:194)
	at com.kms.katalon.core.main.ScriptEngine.runScriptAsRawText(ScriptEngine.java:119)
	at com.kms.katalon.core.main.TestCaseExecutor.runScript(TestCaseExecutor.java:448)
	at com.kms.katalon.core.main.TestCaseExecutor.doExecute(TestCaseExecutor.java:439)
	at com.kms.katalon.core.main.TestCaseExecutor.processExecutionPhase(TestCaseExecutor.java:418)
	at com.kms.katalon.core.main.TestCaseExecutor.accessMainPhase(TestCaseExecutor.java:410)
	at com.kms.katalon.core.main.TestCaseExecutor.execute(TestCaseExecutor.java:285)
	at com.kms.katalon.core.common.CommonExecutor.accessTestCaseMainPhase(CommonExecutor.java:65)
	at com.kms.katalon.core.main.TestSuiteExecutor.accessTestSuiteMainPhase(TestSuiteExecutor.java:144)
	at com.kms.katalon.core.main.TestSuiteExecutor.execute(TestSuiteExecutor.java:106)
	at com.kms.katalon.core.main.TestCaseMain.startTestSuite(TestCaseMain.java:185)
	at com.kms.katalon.core.main.TestCaseMain$startTestSuite$0.call(Unknown Source)
	at TempTestSuite1665393773144.run(TempTestSuite1665393773144.groovy:36)
Caused by: java.lang.IllegalArgumentException: Object is null
	at com.kms.katalon.core.helper.KeywordHelper.checkTestObjectParameter(KeywordHelper.java:33)
	at com.kms.katalon.core.webui.keyword.builtin.SetTextKeyword$_setText_closure1.doCall(SetTextKeyword.groovy:45)
	at com.kms.katalon.core.webui.keyword.builtin.SetTextKeyword$_setText_closure1.call(SetTextKeyword.groovy)
	at com.kms.katalon.core.webui.keyword.internal.WebUIKeywordMain.runKeyword(WebUIKeywordMain.groovy:20)
	at com.kms.katalon.core.webui.keyword.builtin.SetTextKeyword.setText(SetTextKeyword.groovy:66)
	at com.kms.katalon.core.webui.keyword.builtin.SetTextKeyword.execute(SetTextKeyword.groovy:37)
	at com.kms.katalon.core.keyword.internal.KeywordExecutor.executeKeywordForPlatform(KeywordExecutor.groovy:74)
	at com.kms.katalon.core.webui.keyword.WebUiBuiltInKeywords.setText(WebUiBuiltInKeywords.groovy:980)
	at com.kms.katalon.core.webui.keyword.WebUiBuiltInKeywords$setText$4.call(Unknown Source)
	at Script1664429679175.run(Script1664429679175.groovy:24)
	... 13 more
)

2022-10-10 14:53:47 - [MESSAGE][WARNING] - Test object with id 'Object Repository/Page_Embla Familie og Slekt/input_Navnet til familietreet_ProjectName' does not exist

2022-10-10 14:53:47 - [MESSAGE][WARNING] - Test object with id 'Object Repository/' does not exist

2022-10-10 14:53:47 - [MESSAGE][FAILED] - Unable to set text (Root cause: com.kms.katalon.core.exception.StepFailedException: Unable to set text
	at com.kms.katalon.core.webui.keyword.internal.WebUIKeywordMain.stepFailed(WebUIKeywordMain.groovy:64)
	at com.kms.katalon.core.webui.keyword.internal.WebUIKeywordMain.runKeyword(WebUIKeywordMain.groovy:26)
	at com.kms.katalon.core.webui.keyword.builtin.SetTextKeyword.setText(SetTextKeyword.groovy:66)
	at com.kms.katalon.core.webui.keyword.builtin.SetTextKeyword.execute(SetTextKeyword.groovy:37)
	at com.kms.katalon.core.keyword.internal.KeywordExecutor.executeKeywordForPlatform(KeywordExecutor.groovy:74)
	at com.kms.katalon.core.webui.keyword.WebUiBuiltInKeywords.setText(WebUiBuiltInKeywords.groovy:980)
	at com.kms.katalon.core.webui.keyword.WebUiBuiltInKeywords$setText$4.call(Unknown Source)
	at CreateNewFamilyTree.run(CreateNewFamilyTree:24)
	at com.kms.katalon.core.main.ScriptEngine.run(ScriptEngine.java:194)
	at com.kms.katalon.core.main.ScriptEngine.runScriptAsRawText(ScriptEngine.java:119)
	at com.kms.katalon.core.main.TestCaseExecutor.runScript(TestCaseExecutor.java:448)
	at com.kms.katalon.core.main.TestCaseExecutor.doExecute(TestCaseExecutor.java:439)
	at com.kms.katalon.core.main.TestCaseExecutor.processExecutionPhase(TestCaseExecutor.java:418)
	at com.kms.katalon.core.main.TestCaseExecutor.accessMainPhase(TestCaseExecutor.java:410)
	at com.kms.katalon.core.main.TestCaseExecutor.execute(TestCaseExecutor.java:285)
	at com.kms.katalon.core.common.CommonExecutor.accessTestCaseMainPhase(CommonExecutor.java:65)
	at com.kms.katalon.core.main.TestSuiteExecutor.accessTestSuiteMainPhase(TestSuiteExecutor.java:144)
	at com.kms.katalon.core.main.TestSuiteExecutor.execute(TestSuiteExecutor.java:106)
	at com.kms.katalon.core.main.TestCaseMain.startTestSuite(TestCaseMain.java:185)
	at com.kms.katalon.core.main.TestCaseMain$startTestSuite$0.call(Unknown Source)
	at TempTestSuite1665393773144.run(TempTestSuite1665393773144.groovy:36)
Caused by: java.lang.IllegalArgumentException: Object is null
	at com.kms.katalon.core.helper.KeywordHelper.checkTestObjectParameter(KeywordHelper.java:33)
	at com.kms.katalon.core.webui.keyword.builtin.SetTextKeyword$_setText_closure1.doCall(SetTextKeyword.groovy:45)
	at com.kms.katalon.core.webui.keyword.builtin.SetTextKeyword$_setText_closure1.call(SetTextKeyword.groovy)
	at com.kms.katalon.core.webui.keyword.internal.WebUIKeywordMain.runKeyword(WebUIKeywordMain.groovy:20)
	at com.kms.katalon.core.webui.keyword.builtin.SetTextKeyword.setText(SetTextKeyword.groovy:66)
	at com.kms.katalon.core.webui.keyword.builtin.SetTextKeyword.execute(SetTextKeyword.groovy:37)
	at com.kms.katalon.core.keyword.internal.KeywordExecutor.executeKeywordForPlatform(KeywordExecutor.groovy:74)
	at com.kms.katalon.core.webui.keyword.WebUiBuiltInKeywords.setText(WebUiBuiltInKeywords.groovy:980)
	at com.kms.katalon.core.webui.keyword.WebUiBuiltInKeywords$setText$4.call(Unknown Source)
	at Script1664429679175.run(Script1664429679175.groovy:24)
	... 13 more
)
[[ATTACHMENT|C:\\Users\\PasinduS\\Katalon Studio\\EmblaFT\\Reports\\20221010_145253\\SmokeTestSuite\\20221010_145253\\1665393827397.png]]]]></system-out>
         <system-err><![CDATA[2022-10-10 14:53:44 - [TEST_CASE][FAILED] - Test Cases/SmokeTestCases/CreateNewFamilyTree: Test Cases/SmokeTestCases/CreateNewFamilyTree FAILED.
Reason:
com.kms.katalon.core.exception.StepFailedException: Unable to set text
	at com.kms.katalon.core.webui.keyword.internal.WebUIKeywordMain.stepFailed(WebUIKeywordMain.groovy:64)
	at com.kms.katalon.core.webui.keyword.internal.WebUIKeywordMain.runKeyword(WebUIKeywordMain.groovy:26)
	at com.kms.katalon.core.webui.keyword.builtin.SetTextKeyword.setText(SetTextKeyword.groovy:66)
	at com.kms.katalon.core.webui.keyword.builtin.SetTextKeyword.execute(SetTextKeyword.groovy:37)
	at com.kms.katalon.core.keyword.internal.KeywordExecutor.executeKeywordForPlatform(KeywordExecutor.groovy:74)
	at com.kms.katalon.core.webui.keyword.WebUiBuiltInKeywords.setText(WebUiBuiltInKeywords.groovy:980)
	at com.kms.katalon.core.webui.keyword.WebUiBuiltInKeywords$setText$4.call(Unknown Source)
	at CreateNewFamilyTree.run(CreateNewFamilyTree:24)
	at com.kms.katalon.core.main.ScriptEngine.run(ScriptEngine.java:194)
	at com.kms.katalon.core.main.ScriptEngine.runScriptAsRawText(ScriptEngine.java:119)
	at com.kms.katalon.core.main.TestCaseExecutor.runScript(TestCaseExecutor.java:448)
	at com.kms.katalon.core.main.TestCaseExecutor.doExecute(TestCaseExecutor.java:439)
	at com.kms.katalon.core.main.TestCaseExecutor.processExecutionPhase(TestCaseExecutor.java:418)
	at com.kms.katalon.core.main.TestCaseExecutor.accessMainPhase(TestCaseExecutor.java:410)
	at com.kms.katalon.core.main.TestCaseExecutor.execute(TestCaseExecutor.java:285)
	at com.kms.katalon.core.common.CommonExecutor.accessTestCaseMainPhase(CommonExecutor.java:65)
	at com.kms.katalon.core.main.TestSuiteExecutor.accessTestSuiteMainPhase(TestSuiteExecutor.java:144)
	at com.kms.katalon.core.main.TestSuiteExecutor.execute(TestSuiteExecutor.java:106)
	at com.kms.katalon.core.main.TestCaseMain.startTestSuite(TestCaseMain.java:185)
	at com.kms.katalon.core.main.TestCaseMain$startTestSuite$0.call(Unknown Source)
	at TempTestSuite1665393773144.run(TempTestSuite1665393773144.groovy:36)
Caused by: java.lang.IllegalArgumentException: Object is null
	at com.kms.katalon.core.helper.KeywordHelper.checkTestObjectParameter(KeywordHelper.java:33)
	at com.kms.katalon.core.webui.keyword.builtin.SetTextKeyword$_setText_closure1.doCall(SetTextKeyword.groovy:45)
	at com.kms.katalon.core.webui.keyword.builtin.SetTextKeyword$_setText_closure1.call(SetTextKeyword.groovy)
	at com.kms.katalon.core.webui.keyword.internal.WebUIKeywordMain.runKeyword(WebUIKeywordMain.groovy:20)
	... 19 more]]></system-err>
      </testcase>
      <testcase name="Test Cases/SmokeTestCases/ExportFamilyTrees" time="36.461" classname="Test Cases/SmokeTestCases/ExportFamilyTrees" status="FAILED">
         <failure type="FAILED" message="Test Cases/SmokeTestCases/ExportFamilyTrees FAILED.
Reason:
com.kms.katalon.core.exception.StepFailedException: Unable to click on object 'Object Repository/ExportFamilyTrees/Page_Embla Familie og Slekt/div_WEB_menu-edit-icon-wrap'
	at com.kms.katalon.core.webui.keyword.internal.WebUIKeywordMain.stepFailed(WebUIKeywordMain.groovy:64)
	at com.kms.katalon.core.webui.keyword.internal.WebUIKeywordMain.runKeyword(WebUIKeywordMain.groovy:26)
	at com.kms.katalon.core.webui.keyword.builtin.ClickKeyword.click(ClickKeyword.groovy:74)
	at com.kms.katalon.core.webui.keyword.builtin.ClickKeyword.execute(ClickKeyword.groovy:40)
	at com.kms.katalon.core.keyword.internal.KeywordExecutor.executeKeywordForPlatform(KeywordExecutor.groovy:74)
	at com.kms.katalon.core.webui.keyword.WebUiBuiltInKeywords.click(WebUiBuiltInKeywords.groovy:620)
	at com.kms.katalon.core.webui.keyword.WebUiBuiltInKeywords$click$3.call(Unknown Source)
	at ExportFamilyTrees.run(ExportFamilyTrees:28)
	at com.kms.katalon.core.main.ScriptEngine.run(ScriptEngine.java:194)
	at com.kms.katalon.core.main.ScriptEngine.runScriptAsRawText(ScriptEngine.java:119)
	at com.kms.katalon.core.main.TestCaseExecutor.runScript(TestCaseExecutor.java:448)
	at com.kms.katalon.core.main.TestCaseExecutor.doExecute(TestCaseExecutor.java:439)
	at com.kms.katalon.core.main.TestCaseExecutor.processExecutionPhase(TestCaseExecutor.java:418)
	at com.kms.katalon.core.main.TestCaseExecutor.accessMainPhase(TestCaseExecutor.java:410)
	at com.kms.katalon.core.main.TestCaseExecutor.execute(TestCaseExecutor.java:285)
	at com.kms.katalon.core.common.CommonExecutor.accessTestCaseMainPhase(CommonExecutor.java:65)
	at com.kms.katalon.core.main.TestSuiteExecutor.accessTestSuiteMainPhase(TestSuiteExecutor.java:144)
	at com.kms.katalon.core.main.TestSuiteExecutor.execute(TestSuiteExecutor.java:106)
	at com.kms.katalon.core.main.TestCaseMain.startTestSuite(TestCaseMain.java:185)
	at com.kms.katalon.core.main.TestCaseMain$startTestSuite$0.call(Unknown Source)
	at TempTestSuite1665393773144.run(TempTestSuite1665393773144.groovy:36)
Caused by: com.kms.katalon.core.webui.exception.WebElementNotFoundException: Web element with id: 'Object Repository/ExportFamilyTrees/Page_Embla Familie og Slekt/div_WEB_menu-edit-icon-wrap' located by '(.//*[normalize-space(text()) and normalize-space(.)='WEB'])[1]/following::div[3]' not found
	at com.kms.katalon.core.webui.common.WebUiCommonHelper.findWebElement(WebUiCommonHelper.java:1370)
	at com.kms.katalon.core.webui.keyword.internal.WebUIAbstractKeyword.findWebElement(WebUIAbstractKeyword.groovy:27)
	at com.kms.katalon.core.webui.keyword.builtin.ClickKeyword$_click_closure1.doCall(ClickKeyword.groovy:65)
	at com.kms.katalon.core.webui.keyword.builtin.ClickKeyword$_click_closure1.call(ClickKeyword.groovy)
	at com.kms.katalon.core.webui.keyword.internal.WebUIKeywordMain.runKeyword(WebUIKeywordMain.groovy:20)
	... 19 more
"/>
         <system-out><![CDATA[2022-10-10 14:53:47 - [TEST_CASE][FAILED] - Test Cases/SmokeTestCases/ExportFamilyTrees: Test Cases/SmokeTestCases/ExportFamilyTrees FAILED.
Reason:
com.kms.katalon.core.exception.StepFailedException: Unable to click on object 'Object Repository/ExportFamilyTrees/Page_Embla Familie og Slekt/div_WEB_menu-edit-icon-wrap'
	at com.kms.katalon.core.webui.keyword.internal.WebUIKeywordMain.stepFailed(WebUIKeywordMain.groovy:64)
	at com.kms.katalon.core.webui.keyword.internal.WebUIKeywordMain.runKeyword(WebUIKeywordMain.groovy:26)
	at com.kms.katalon.core.webui.keyword.builtin.ClickKeyword.click(ClickKeyword.groovy:74)
	at com.kms.katalon.core.webui.keyword.builtin.ClickKeyword.execute(ClickKeyword.groovy:40)
	at com.kms.katalon.core.keyword.internal.KeywordExecutor.executeKeywordForPlatform(KeywordExecutor.groovy:74)
	at com.kms.katalon.core.webui.keyword.WebUiBuiltInKeywords.click(WebUiBuiltInKeywords.groovy:620)
	at com.kms.katalon.core.webui.keyword.WebUiBuiltInKeywords$click$3.call(Unknown Source)
	at ExportFamilyTrees.run(ExportFamilyTrees:28)
	at com.kms.katalon.core.main.ScriptEngine.run(ScriptEngine.java:194)
	at com.kms.katalon.core.main.ScriptEngine.runScriptAsRawText(ScriptEngine.java:119)
	at com.kms.katalon.core.main.TestCaseExecutor.runScript(TestCaseExecutor.java:448)
	at com.kms.katalon.core.main.TestCaseExecutor.doExecute(TestCaseExecutor.java:439)
	at com.kms.katalon.core.main.TestCaseExecutor.processExecutionPhase(TestCaseExecutor.java:418)
	at com.kms.katalon.core.main.TestCaseExecutor.accessMainPhase(TestCaseExecutor.java:410)
	at com.kms.katalon.core.main.TestCaseExecutor.execute(TestCaseExecutor.java:285)
	at com.kms.katalon.core.common.CommonExecutor.accessTestCaseMainPhase(CommonExecutor.java:65)
	at com.kms.katalon.core.main.TestSuiteExecutor.accessTestSuiteMainPhase(TestSuiteExecutor.java:144)
	at com.kms.katalon.core.main.TestSuiteExecutor.execute(TestSuiteExecutor.java:106)
	at com.kms.katalon.core.main.TestCaseMain.startTestSuite(TestCaseMain.java:185)
	at com.kms.katalon.core.main.TestCaseMain$startTestSuite$0.call(Unknown Source)
	at TempTestSuite1665393773144.run(TempTestSuite1665393773144.groovy:36)
Caused by: com.kms.katalon.core.webui.exception.WebElementNotFoundException: Web element with id: 'Object Repository/ExportFamilyTrees/Page_Embla Familie og Slekt/div_WEB_menu-edit-icon-wrap' located by '(.//*[normalize-space(text()) and normalize-space(.)='WEB'])[1]/following::div[3]' not found
	at com.kms.katalon.core.webui.common.WebUiCommonHelper.findWebElement(WebUiCommonHelper.java:1370)
	at com.kms.katalon.core.webui.keyword.internal.WebUIAbstractKeyword.findWebElement(WebUIAbstractKeyword.groovy:27)
	at com.kms.katalon.core.webui.keyword.builtin.ClickKeyword$_click_closure1.doCall(ClickKeyword.groovy:65)
	at com.kms.katalon.core.webui.keyword.builtin.ClickKeyword$_click_closure1.call(ClickKeyword.groovy)
	at com.kms.katalon.core.webui.keyword.internal.WebUIKeywordMain.runKeyword(WebUIKeywordMain.groovy:20)
	... 19 more


2022-10-10 14:53:48 - [TEST_STEP][PASSED] - waitForPageLoad(0, STOP_ON_FAILURE): Wait for page load successfully

2022-10-10 14:53:48 - [MESSAGE][WARNING] - Timeout '0' is invalid. Using default page load timeout: '30'

2022-10-10 14:53:48 - [MESSAGE][PASSED] - Wait for page load successfully

2022-10-10 14:53:48 - [TEST_STEP][PASSED] - navigateToUrl("http://dev.ft.embla.no/dashboard"): Navigate to 'http://dev.ft.embla.no/dashboard' successfully

2022-10-10 14:53:48 - [MESSAGE][PASSED] - Navigate to 'http://dev.ft.embla.no/dashboard' successfully

2022-10-10 14:53:48 - [TEST_STEP][PASSED] - click(findTestObject("Object Repository/ExportFamilyTrees/Page_Embla Familie og Slekt/div__ Administrere familietrrO_d428e9")): Object: 'Object Repository/ExportFamilyTrees/Page_Embla Familie og Slekt/div__ Administrere familietrrO_d428e9' is clicked on

2022-10-10 14:53:52 - [MESSAGE][PASSED] - Object: 'Object Repository/ExportFamilyTrees/Page_Embla Familie og Slekt/div__ Administrere familietrrO_d428e9' is clicked on

2022-10-10 14:53:52 - [TEST_STEP][PASSED] - click(findTestObject("Object Repository/ExportFamilyTrees/Page_Embla Familie og Slekt/div_Administrere familietrr")): Object: 'Object Repository/ExportFamilyTrees/Page_Embla Familie og Slekt/div_Administrere familietrr' is clicked on

2022-10-10 14:53:52 - [MESSAGE][PASSED] - Object: 'Object Repository/ExportFamilyTrees/Page_Embla Familie og Slekt/div_Administrere familietrr' is clicked on

2022-10-10 14:53:52 - [TEST_STEP][FAILED] - click(findTestObject("Object Repository/ExportFamilyTrees/Page_Embla Familie og Slekt/div_WEB_menu-edit-icon-wrap")): Unable to click on object 'Object Repository/ExportFamilyTrees/Page_Embla Familie og Slekt/div_WEB_menu-edit-icon-wrap' (Root cause: com.kms.katalon.core.exception.StepFailedException: Unable to click on object 'Object Repository/ExportFamilyTrees/Page_Embla Familie og Slekt/div_WEB_menu-edit-icon-wrap'
	at com.kms.katalon.core.webui.keyword.internal.WebUIKeywordMain.stepFailed(WebUIKeywordMain.groovy:64)
	at com.kms.katalon.core.webui.keyword.internal.WebUIKeywordMain.runKeyword(WebUIKeywordMain.groovy:26)
	at com.kms.katalon.core.webui.keyword.builtin.ClickKeyword.click(ClickKeyword.groovy:74)
	at com.kms.katalon.core.webui.keyword.builtin.ClickKeyword.execute(ClickKeyword.groovy:40)
	at com.kms.katalon.core.keyword.internal.KeywordExecutor.executeKeywordForPlatform(KeywordExecutor.groovy:74)
	at com.kms.katalon.core.webui.keyword.WebUiBuiltInKeywords.click(WebUiBuiltInKeywords.groovy:620)
	at com.kms.katalon.core.webui.keyword.WebUiBuiltInKeywords$click$3.call(Unknown Source)
	at ExportFamilyTrees.run(ExportFamilyTrees:28)
	at com.kms.katalon.core.main.ScriptEngine.run(ScriptEngine.java:194)
	at com.kms.katalon.core.main.ScriptEngine.runScriptAsRawText(ScriptEngine.java:119)
	at com.kms.katalon.core.main.TestCaseExecutor.runScript(TestCaseExecutor.java:448)
	at com.kms.katalon.core.main.TestCaseExecutor.doExecute(TestCaseExecutor.java:439)
	at com.kms.katalon.core.main.TestCaseExecutor.processExecutionPhase(TestCaseExecutor.java:418)
	at com.kms.katalon.core.main.TestCaseExecutor.accessMainPhase(TestCaseExecutor.java:410)
	at com.kms.katalon.core.main.TestCaseExecutor.execute(TestCaseExecutor.java:285)
	at com.kms.katalon.core.common.CommonExecutor.accessTestCaseMainPhase(CommonExecutor.java:65)
	at com.kms.katalon.core.main.TestSuiteExecutor.accessTestSuiteMainPhase(TestSuiteExecutor.java:144)
	at com.kms.katalon.core.main.TestSuiteExecutor.execute(TestSuiteExecutor.java:106)
	at com.kms.katalon.core.main.TestCaseMain.startTestSuite(TestCaseMain.java:185)
	at com.kms.katalon.core.main.TestCaseMain$startTestSuite$0.call(Unknown Source)
	at TempTestSuite1665393773144.run(TempTestSuite1665393773144.groovy:36)
Caused by: com.kms.katalon.core.webui.exception.WebElementNotFoundException: Web element with id: 'Object Repository/ExportFamilyTrees/Page_Embla Familie og Slekt/div_WEB_menu-edit-icon-wrap' located by '(.//*[normalize-space(text()) and normalize-space(.)='WEB'])[1]/following::div[3]' not found
	at com.kms.katalon.core.webui.common.WebUiCommonHelper.findWebElement(WebUiCommonHelper.java:1370)
	at com.kms.katalon.core.webui.keyword.internal.WebUIAbstractKeyword.findWebElement(WebUIAbstractKeyword.groovy:27)
	at com.kms.katalon.core.webui.keyword.builtin.ClickKeyword$_click_closure1.doCall(ClickKeyword.groovy:65)
	at com.kms.katalon.core.webui.keyword.builtin.ClickKeyword$_click_closure1.call(ClickKeyword.groovy)
	at com.kms.katalon.core.webui.keyword.internal.WebUIKeywordMain.runKeyword(WebUIKeywordMain.groovy:20)
	at com.kms.katalon.core.webui.keyword.builtin.ClickKeyword.click(ClickKeyword.groovy:74)
	at com.kms.katalon.core.webui.keyword.builtin.ClickKeyword.execute(ClickKeyword.groovy:40)
	at com.kms.katalon.core.keyword.internal.KeywordExecutor.executeKeywordForPlatform(KeywordExecutor.groovy:74)
	at com.kms.katalon.core.webui.keyword.WebUiBuiltInKeywords.click(WebUiBuiltInKeywords.groovy:620)
	at com.kms.katalon.core.webui.keyword.WebUiBuiltInKeywords$click$3.call(Unknown Source)
	at Script1664967171486.run(Script1664967171486.groovy:28)
	... 13 more
)

2022-10-10 14:54:23 - [MESSAGE][INFO] - Unable to find the element located by 'By.xpath: (.//*[normalize-space(text()) and normalize-space(.)='WEB'])[1]/following::div[3]'. Please recheck the objects properties to make sure the desired element is located. 

2022-10-10 14:54:24 - [MESSAGE][FAILED] - Unable to click on object 'Object Repository/ExportFamilyTrees/Page_Embla Familie og Slekt/div_WEB_menu-edit-icon-wrap' (Root cause: com.kms.katalon.core.exception.StepFailedException: Unable to click on object 'Object Repository/ExportFamilyTrees/Page_Embla Familie og Slekt/div_WEB_menu-edit-icon-wrap'
	at com.kms.katalon.core.webui.keyword.internal.WebUIKeywordMain.stepFailed(WebUIKeywordMain.groovy:64)
	at com.kms.katalon.core.webui.keyword.internal.WebUIKeywordMain.runKeyword(WebUIKeywordMain.groovy:26)
	at com.kms.katalon.core.webui.keyword.builtin.ClickKeyword.click(ClickKeyword.groovy:74)
	at com.kms.katalon.core.webui.keyword.builtin.ClickKeyword.execute(ClickKeyword.groovy:40)
	at com.kms.katalon.core.keyword.internal.KeywordExecutor.executeKeywordForPlatform(KeywordExecutor.groovy:74)
	at com.kms.katalon.core.webui.keyword.WebUiBuiltInKeywords.click(WebUiBuiltInKeywords.groovy:620)
	at com.kms.katalon.core.webui.keyword.WebUiBuiltInKeywords$click$3.call(Unknown Source)
	at ExportFamilyTrees.run(ExportFamilyTrees:28)
	at com.kms.katalon.core.main.ScriptEngine.run(ScriptEngine.java:194)
	at com.kms.katalon.core.main.ScriptEngine.runScriptAsRawText(ScriptEngine.java:119)
	at com.kms.katalon.core.main.TestCaseExecutor.runScript(TestCaseExecutor.java:448)
	at com.kms.katalon.core.main.TestCaseExecutor.doExecute(TestCaseExecutor.java:439)
	at com.kms.katalon.core.main.TestCaseExecutor.processExecutionPhase(TestCaseExecutor.java:418)
	at com.kms.katalon.core.main.TestCaseExecutor.accessMainPhase(TestCaseExecutor.java:410)
	at com.kms.katalon.core.main.TestCaseExecutor.execute(TestCaseExecutor.java:285)
	at com.kms.katalon.core.common.CommonExecutor.accessTestCaseMainPhase(CommonExecutor.java:65)
	at com.kms.katalon.core.main.TestSuiteExecutor.accessTestSuiteMainPhase(TestSuiteExecutor.java:144)
	at com.kms.katalon.core.main.TestSuiteExecutor.execute(TestSuiteExecutor.java:106)
	at com.kms.katalon.core.main.TestCaseMain.startTestSuite(TestCaseMain.java:185)
	at com.kms.katalon.core.main.TestCaseMain$startTestSuite$0.call(Unknown Source)
	at TempTestSuite1665393773144.run(TempTestSuite1665393773144.groovy:36)
Caused by: com.kms.katalon.core.webui.exception.WebElementNotFoundException: Web element with id: 'Object Repository/ExportFamilyTrees/Page_Embla Familie og Slekt/div_WEB_menu-edit-icon-wrap' located by '(.//*[normalize-space(text()) and normalize-space(.)='WEB'])[1]/following::div[3]' not found
	at com.kms.katalon.core.webui.common.WebUiCommonHelper.findWebElement(WebUiCommonHelper.java:1370)
	at com.kms.katalon.core.webui.keyword.internal.WebUIAbstractKeyword.findWebElement(WebUIAbstractKeyword.groovy:27)
	at com.kms.katalon.core.webui.keyword.builtin.ClickKeyword$_click_closure1.doCall(ClickKeyword.groovy:65)
	at com.kms.katalon.core.webui.keyword.builtin.ClickKeyword$_click_closure1.call(ClickKeyword.groovy)
	at com.kms.katalon.core.webui.keyword.internal.WebUIKeywordMain.runKeyword(WebUIKeywordMain.groovy:20)
	at com.kms.katalon.core.webui.keyword.builtin.ClickKeyword.click(ClickKeyword.groovy:74)
	at com.kms.katalon.core.webui.keyword.builtin.ClickKeyword.execute(ClickKeyword.groovy:40)
	at com.kms.katalon.core.keyword.internal.KeywordExecutor.executeKeywordForPlatform(KeywordExecutor.groovy:74)
	at com.kms.katalon.core.webui.keyword.WebUiBuiltInKeywords.click(WebUiBuiltInKeywords.groovy:620)
	at com.kms.katalon.core.webui.keyword.WebUiBuiltInKeywords$click$3.call(Unknown Source)
	at Script1664967171486.run(Script1664967171486.groovy:28)
	... 13 more
)
[[ATTACHMENT|C:\\Users\\PasinduS\\Katalon Studio\\EmblaFT\\Reports\\20221010_145253\\SmokeTestSuite\\20221010_145253\\1665393863956.png]]]]></system-out>
         <system-err><![CDATA[2022-10-10 14:53:47 - [TEST_CASE][FAILED] - Test Cases/SmokeTestCases/ExportFamilyTrees: Test Cases/SmokeTestCases/ExportFamilyTrees FAILED.
Reason:
com.kms.katalon.core.exception.StepFailedException: Unable to click on object 'Object Repository/ExportFamilyTrees/Page_Embla Familie og Slekt/div_WEB_menu-edit-icon-wrap'
	at com.kms.katalon.core.webui.keyword.internal.WebUIKeywordMain.stepFailed(WebUIKeywordMain.groovy:64)
	at com.kms.katalon.core.webui.keyword.internal.WebUIKeywordMain.runKeyword(WebUIKeywordMain.groovy:26)
	at com.kms.katalon.core.webui.keyword.builtin.ClickKeyword.click(ClickKeyword.groovy:74)
	at com.kms.katalon.core.webui.keyword.builtin.ClickKeyword.execute(ClickKeyword.groovy:40)
	at com.kms.katalon.core.keyword.internal.KeywordExecutor.executeKeywordForPlatform(KeywordExecutor.groovy:74)
	at com.kms.katalon.core.webui.keyword.WebUiBuiltInKeywords.click(WebUiBuiltInKeywords.groovy:620)
	at com.kms.katalon.core.webui.keyword.WebUiBuiltInKeywords$click$3.call(Unknown Source)
	at ExportFamilyTrees.run(ExportFamilyTrees:28)
	at com.kms.katalon.core.main.ScriptEngine.run(ScriptEngine.java:194)
	at com.kms.katalon.core.main.ScriptEngine.runScriptAsRawText(ScriptEngine.java:119)
	at com.kms.katalon.core.main.TestCaseExecutor.runScript(TestCaseExecutor.java:448)
	at com.kms.katalon.core.main.TestCaseExecutor.doExecute(TestCaseExecutor.java:439)
	at com.kms.katalon.core.main.TestCaseExecutor.processExecutionPhase(TestCaseExecutor.java:418)
	at com.kms.katalon.core.main.TestCaseExecutor.accessMainPhase(TestCaseExecutor.java:410)
	at com.kms.katalon.core.main.TestCaseExecutor.execute(TestCaseExecutor.java:285)
	at com.kms.katalon.core.common.CommonExecutor.accessTestCaseMainPhase(CommonExecutor.java:65)
	at com.kms.katalon.core.main.TestSuiteExecutor.accessTestSuiteMainPhase(TestSuiteExecutor.java:144)
	at com.kms.katalon.core.main.TestSuiteExecutor.execute(TestSuiteExecutor.java:106)
	at com.kms.katalon.core.main.TestCaseMain.startTestSuite(TestCaseMain.java:185)
	at com.kms.katalon.core.main.TestCaseMain$startTestSuite$0.call(Unknown Source)
	at TempTestSuite1665393773144.run(TempTestSuite1665393773144.groovy:36)
Caused by: com.kms.katalon.core.webui.exception.WebElementNotFoundException: Web element with id: 'Object Repository/ExportFamilyTrees/Page_Embla Familie og Slekt/div_WEB_menu-edit-icon-wrap' located by '(.//*[normalize-space(text()) and normalize-space(.)='WEB'])[1]/following::div[3]' not found
	at com.kms.katalon.core.webui.common.WebUiCommonHelper.findWebElement(WebUiCommonHelper.java:1370)
	at com.kms.katalon.core.webui.keyword.internal.WebUIAbstractKeyword.findWebElement(WebUIAbstractKeyword.groovy:27)
	at com.kms.katalon.core.webui.keyword.builtin.ClickKeyword$_click_closure1.doCall(ClickKeyword.groovy:65)
	at com.kms.katalon.core.webui.keyword.builtin.ClickKeyword$_click_closure1.call(ClickKeyword.groovy)
	at com.kms.katalon.core.webui.keyword.internal.WebUIKeywordMain.runKeyword(WebUIKeywordMain.groovy:20)
	... 19 more]]></system-err>
      </testcase>
      <testcase name="Test Cases/SmokeTestCases/FamilyEditor" time="7.728" classname="Test Cases/SmokeTestCases/FamilyEditor" status="PASSED">
         <system-out><![CDATA[2022-10-10 14:54:24 - [TEST_CASE][PASSED] - Test Cases/SmokeTestCases/FamilyEditor: Test Cases/SmokeTestCases/FamilyEditor

2022-10-10 14:54:24 - [TEST_STEP][PASSED] - navigateToUrl("http://dev.ft.embla.no/dashboard"): Navigate to 'http://dev.ft.embla.no/dashboard' successfully

2022-10-10 14:54:25 - [MESSAGE][PASSED] - Navigate to 'http://dev.ft.embla.no/dashboard' successfully

2022-10-10 14:54:25 - [TEST_STEP][PASSED] - click(findTestObject("Object Repository/EditorNavigation/Page_Embla Familie og Slekt/li_RessurserOversiktPersonFamilieStedsnavns_bc2571")): Object: 'Object Repository/EditorNavigation/Page_Embla Familie og Slekt/li_RessurserOversiktPersonFamilieStedsnavns_bc2571' is clicked on

2022-10-10 14:54:28 - [MESSAGE][PASSED] - Object: 'Object Repository/EditorNavigation/Page_Embla Familie og Slekt/li_RessurserOversiktPersonFamilieStedsnavns_bc2571' is clicked on

2022-10-10 14:54:28 - [TEST_STEP][PASSED] - click(findTestObject("Object Repository/EditorNavigation/Page_Embla Familie og Slekt/li_Familie")): Object: 'Object Repository/EditorNavigation/Page_Embla Familie og Slekt/li_Familie' is clicked on

2022-10-10 14:54:29 - [MESSAGE][PASSED] - Object: 'Object Repository/EditorNavigation/Page_Embla Familie og Slekt/li_Familie' is clicked on

2022-10-10 14:54:29 - [TEST_STEP][PASSED] - click(findTestObject("EditorNavigation/Page_Embla Familie og Slekt/a_Hjem")): Object: 'Object Repository/EditorNavigation/Page_Embla Familie og Slekt/a_Hjem' is clicked on

2022-10-10 14:54:31 - [MESSAGE][PASSED] - Object: 'Object Repository/EditorNavigation/Page_Embla Familie og Slekt/a_Hjem' is clicked on

2022-10-10 14:54:31 - [TEST_STEP][PASSED] - waitForPageLoad(0, STOP_ON_FAILURE): Wait for page load successfully

2022-10-10 14:54:31 - [MESSAGE][WARNING] - Timeout '0' is invalid. Using default page load timeout: '30'

2022-10-10 14:54:32 - [MESSAGE][PASSED] - Wait for page load successfully]]></system-out>
         <system-err><![CDATA[]]></system-err>
      </testcase>
      <testcase name="Test Cases/SmokeTestCases/MemberEditor" time="31.888" classname="Test Cases/SmokeTestCases/MemberEditor" status="FAILED">
         <failure type="FAILED" message="Test Cases/SmokeTestCases/MemberEditor FAILED.
Reason:
com.kms.katalon.core.exception.StepFailedException: Unable to click on object 'Object Repository/EditorNavigation/Page_Embla Familie og Slekt/div_OversiktFamiliePerson'
	at com.kms.katalon.core.webui.keyword.internal.WebUIKeywordMain.stepFailed(WebUIKeywordMain.groovy:64)
	at com.kms.katalon.core.webui.keyword.internal.WebUIKeywordMain.runKeyword(WebUIKeywordMain.groovy:26)
	at com.kms.katalon.core.webui.keyword.builtin.ClickKeyword.click(ClickKeyword.groovy:74)
	at com.kms.katalon.core.webui.keyword.builtin.ClickKeyword.execute(ClickKeyword.groovy:40)
	at com.kms.katalon.core.keyword.internal.KeywordExecutor.executeKeywordForPlatform(KeywordExecutor.groovy:74)
	at com.kms.katalon.core.webui.keyword.WebUiBuiltInKeywords.click(WebUiBuiltInKeywords.groovy:620)
	at com.kms.katalon.core.webui.keyword.WebUiBuiltInKeywords$click$3.call(Unknown Source)
	at MemberEditor.run(MemberEditor:27)
	at com.kms.katalon.core.main.ScriptEngine.run(ScriptEngine.java:194)
	at com.kms.katalon.core.main.ScriptEngine.runScriptAsRawText(ScriptEngine.java:119)
	at com.kms.katalon.core.main.TestCaseExecutor.runScript(TestCaseExecutor.java:448)
	at com.kms.katalon.core.main.TestCaseExecutor.doExecute(TestCaseExecutor.java:439)
	at com.kms.katalon.core.main.TestCaseExecutor.processExecutionPhase(TestCaseExecutor.java:418)
	at com.kms.katalon.core.main.TestCaseExecutor.accessMainPhase(TestCaseExecutor.java:410)
	at com.kms.katalon.core.main.TestCaseExecutor.execute(TestCaseExecutor.java:285)
	at com.kms.katalon.core.common.CommonExecutor.accessTestCaseMainPhase(CommonExecutor.java:65)
	at com.kms.katalon.core.main.TestSuiteExecutor.accessTestSuiteMainPhase(TestSuiteExecutor.java:144)
	at com.kms.katalon.core.main.TestSuiteExecutor.execute(TestSuiteExecutor.java:106)
	at com.kms.katalon.core.main.TestCaseMain.startTestSuite(TestCaseMain.java:185)
	at com.kms.katalon.core.main.TestCaseMain$startTestSuite$0.call(Unknown Source)
	at TempTestSuite1665393773144.run(TempTestSuite1665393773144.groovy:36)
Caused by: com.kms.katalon.core.webui.exception.WebElementNotFoundException: Web element with id: 'Object Repository/EditorNavigation/Page_Embla Familie og Slekt/div_OversiktFamiliePerson' located by '(.//*[normalize-space(text()) and normalize-space(.)='Stein Inge Haaland'])[1]/following::div[1]' not found
	at com.kms.katalon.core.webui.common.WebUiCommonHelper.findWebElement(WebUiCommonHelper.java:1370)
	at com.kms.katalon.core.webui.keyword.internal.WebUIAbstractKeyword.findWebElement(WebUIAbstractKeyword.groovy:27)
	at com.kms.katalon.core.webui.keyword.builtin.ClickKeyword$_click_closure1.doCall(ClickKeyword.groovy:65)
	at com.kms.katalon.core.webui.keyword.builtin.ClickKeyword$_click_closure1.call(ClickKeyword.groovy)
	at com.kms.katalon.core.webui.keyword.internal.WebUIKeywordMain.runKeyword(WebUIKeywordMain.groovy:20)
	... 19 more
"/>
         <system-out><![CDATA[2022-10-10 14:54:32 - [TEST_CASE][FAILED] - Test Cases/SmokeTestCases/MemberEditor: Test Cases/SmokeTestCases/MemberEditor FAILED.
Reason:
com.kms.katalon.core.exception.StepFailedException: Unable to click on object 'Object Repository/EditorNavigation/Page_Embla Familie og Slekt/div_OversiktFamiliePerson'
	at com.kms.katalon.core.webui.keyword.internal.WebUIKeywordMain.stepFailed(WebUIKeywordMain.groovy:64)
	at com.kms.katalon.core.webui.keyword.internal.WebUIKeywordMain.runKeyword(WebUIKeywordMain.groovy:26)
	at com.kms.katalon.core.webui.keyword.builtin.ClickKeyword.click(ClickKeyword.groovy:74)
	at com.kms.katalon.core.webui.keyword.builtin.ClickKeyword.execute(ClickKeyword.groovy:40)
	at com.kms.katalon.core.keyword.internal.KeywordExecutor.executeKeywordForPlatform(KeywordExecutor.groovy:74)
	at com.kms.katalon.core.webui.keyword.WebUiBuiltInKeywords.click(WebUiBuiltInKeywords.groovy:620)
	at com.kms.katalon.core.webui.keyword.WebUiBuiltInKeywords$click$3.call(Unknown Source)
	at MemberEditor.run(MemberEditor:27)
	at com.kms.katalon.core.main.ScriptEngine.run(ScriptEngine.java:194)
	at com.kms.katalon.core.main.ScriptEngine.runScriptAsRawText(ScriptEngine.java:119)
	at com.kms.katalon.core.main.TestCaseExecutor.runScript(TestCaseExecutor.java:448)
	at com.kms.katalon.core.main.TestCaseExecutor.doExecute(TestCaseExecutor.java:439)
	at com.kms.katalon.core.main.TestCaseExecutor.processExecutionPhase(TestCaseExecutor.java:418)
	at com.kms.katalon.core.main.TestCaseExecutor.accessMainPhase(TestCaseExecutor.java:410)
	at com.kms.katalon.core.main.TestCaseExecutor.execute(TestCaseExecutor.java:285)
	at com.kms.katalon.core.common.CommonExecutor.accessTestCaseMainPhase(CommonExecutor.java:65)
	at com.kms.katalon.core.main.TestSuiteExecutor.accessTestSuiteMainPhase(TestSuiteExecutor.java:144)
	at com.kms.katalon.core.main.TestSuiteExecutor.execute(TestSuiteExecutor.java:106)
	at com.kms.katalon.core.main.TestCaseMain.startTestSuite(TestCaseMain.java:185)
	at com.kms.katalon.core.main.TestCaseMain$startTestSuite$0.call(Unknown Source)
	at TempTestSuite1665393773144.run(TempTestSuite1665393773144.groovy:36)
Caused by: com.kms.katalon.core.webui.exception.WebElementNotFoundException: Web element with id: 'Object Repository/EditorNavigation/Page_Embla Familie og Slekt/div_OversiktFamiliePerson' located by '(.//*[normalize-space(text()) and normalize-space(.)='Stein Inge Haaland'])[1]/following::div[1]' not found
	at com.kms.katalon.core.webui.common.WebUiCommonHelper.findWebElement(WebUiCommonHelper.java:1370)
	at com.kms.katalon.core.webui.keyword.internal.WebUIAbstractKeyword.findWebElement(WebUIAbstractKeyword.groovy:27)
	at com.kms.katalon.core.webui.keyword.builtin.ClickKeyword$_click_closure1.doCall(ClickKeyword.groovy:65)
	at com.kms.katalon.core.webui.keyword.builtin.ClickKeyword$_click_closure1.call(ClickKeyword.groovy)
	at com.kms.katalon.core.webui.keyword.internal.WebUIKeywordMain.runKeyword(WebUIKeywordMain.groovy:20)
	... 19 more


2022-10-10 14:54:32 - [TEST_STEP][PASSED] - waitForPageLoad(0, STOP_ON_FAILURE): Wait for page load successfully

2022-10-10 14:54:32 - [MESSAGE][WARNING] - Timeout '0' is invalid. Using default page load timeout: '30'

2022-10-10 14:54:32 - [MESSAGE][PASSED] - Wait for page load successfully

2022-10-10 14:54:32 - [TEST_STEP][FAILED] - click(findTestObject("EditorNavigation/Page_Embla Familie og Slekt/div_OversiktFamiliePerson")): Unable to click on object 'Object Repository/EditorNavigation/Page_Embla Familie og Slekt/div_OversiktFamiliePerson' (Root cause: com.kms.katalon.core.exception.StepFailedException: Unable to click on object 'Object Repository/EditorNavigation/Page_Embla Familie og Slekt/div_OversiktFamiliePerson'
	at com.kms.katalon.core.webui.keyword.internal.WebUIKeywordMain.stepFailed(WebUIKeywordMain.groovy:64)
	at com.kms.katalon.core.webui.keyword.internal.WebUIKeywordMain.runKeyword(WebUIKeywordMain.groovy:26)
	at com.kms.katalon.core.webui.keyword.builtin.ClickKeyword.click(ClickKeyword.groovy:74)
	at com.kms.katalon.core.webui.keyword.builtin.ClickKeyword.execute(ClickKeyword.groovy:40)
	at com.kms.katalon.core.keyword.internal.KeywordExecutor.executeKeywordForPlatform(KeywordExecutor.groovy:74)
	at com.kms.katalon.core.webui.keyword.WebUiBuiltInKeywords.click(WebUiBuiltInKeywords.groovy:620)
	at com.kms.katalon.core.webui.keyword.WebUiBuiltInKeywords$click$3.call(Unknown Source)
	at MemberEditor.run(MemberEditor:27)
	at com.kms.katalon.core.main.ScriptEngine.run(ScriptEngine.java:194)
	at com.kms.katalon.core.main.ScriptEngine.runScriptAsRawText(ScriptEngine.java:119)
	at com.kms.katalon.core.main.TestCaseExecutor.runScript(TestCaseExecutor.java:448)
	at com.kms.katalon.core.main.TestCaseExecutor.doExecute(TestCaseExecutor.java:439)
	at com.kms.katalon.core.main.TestCaseExecutor.processExecutionPhase(TestCaseExecutor.java:418)
	at com.kms.katalon.core.main.TestCaseExecutor.accessMainPhase(TestCaseExecutor.java:410)
	at com.kms.katalon.core.main.TestCaseExecutor.execute(TestCaseExecutor.java:285)
	at com.kms.katalon.core.common.CommonExecutor.accessTestCaseMainPhase(CommonExecutor.java:65)
	at com.kms.katalon.core.main.TestSuiteExecutor.accessTestSuiteMainPhase(TestSuiteExecutor.java:144)
	at com.kms.katalon.core.main.TestSuiteExecutor.execute(TestSuiteExecutor.java:106)
	at com.kms.katalon.core.main.TestCaseMain.startTestSuite(TestCaseMain.java:185)
	at com.kms.katalon.core.main.TestCaseMain$startTestSuite$0.call(Unknown Source)
	at TempTestSuite1665393773144.run(TempTestSuite1665393773144.groovy:36)
Caused by: com.kms.katalon.core.webui.exception.WebElementNotFoundException: Web element with id: 'Object Repository/EditorNavigation/Page_Embla Familie og Slekt/div_OversiktFamiliePerson' located by '(.//*[normalize-space(text()) and normalize-space(.)='Stein Inge Haaland'])[1]/following::div[1]' not found
	at com.kms.katalon.core.webui.common.WebUiCommonHelper.findWebElement(WebUiCommonHelper.java:1370)
	at com.kms.katalon.core.webui.keyword.internal.WebUIAbstractKeyword.findWebElement(WebUIAbstractKeyword.groovy:27)
	at com.kms.katalon.core.webui.keyword.builtin.ClickKeyword$_click_closure1.doCall(ClickKeyword.groovy:65)
	at com.kms.katalon.core.webui.keyword.builtin.ClickKeyword$_click_closure1.call(ClickKeyword.groovy)
	at com.kms.katalon.core.webui.keyword.internal.WebUIKeywordMain.runKeyword(WebUIKeywordMain.groovy:20)
	at com.kms.katalon.core.webui.keyword.builtin.ClickKeyword.click(ClickKeyword.groovy:74)
	at com.kms.katalon.core.webui.keyword.builtin.ClickKeyword.execute(ClickKeyword.groovy:40)
	at com.kms.katalon.core.keyword.internal.KeywordExecutor.executeKeywordForPlatform(KeywordExecutor.groovy:74)
	at com.kms.katalon.core.webui.keyword.WebUiBuiltInKeywords.click(WebUiBuiltInKeywords.groovy:620)
	at com.kms.katalon.core.webui.keyword.WebUiBuiltInKeywords$click$3.call(Unknown Source)
	at Script1664862104337.run(Script1664862104337.groovy:27)
	... 13 more
)

2022-10-10 14:55:03 - [MESSAGE][INFO] - Unable to find the element located by 'By.xpath: (.//*[normalize-space(text()) and normalize-space(.)='Stein Inge Haaland'])[1]/following::div[1]'. Please recheck the objects properties to make sure the desired element is located. 

2022-10-10 14:55:03 - [MESSAGE][FAILED] - Unable to click on object 'Object Repository/EditorNavigation/Page_Embla Familie og Slekt/div_OversiktFamiliePerson' (Root cause: com.kms.katalon.core.exception.StepFailedException: Unable to click on object 'Object Repository/EditorNavigation/Page_Embla Familie og Slekt/div_OversiktFamiliePerson'
	at com.kms.katalon.core.webui.keyword.internal.WebUIKeywordMain.stepFailed(WebUIKeywordMain.groovy:64)
	at com.kms.katalon.core.webui.keyword.internal.WebUIKeywordMain.runKeyword(WebUIKeywordMain.groovy:26)
	at com.kms.katalon.core.webui.keyword.builtin.ClickKeyword.click(ClickKeyword.groovy:74)
	at com.kms.katalon.core.webui.keyword.builtin.ClickKeyword.execute(ClickKeyword.groovy:40)
	at com.kms.katalon.core.keyword.internal.KeywordExecutor.executeKeywordForPlatform(KeywordExecutor.groovy:74)
	at com.kms.katalon.core.webui.keyword.WebUiBuiltInKeywords.click(WebUiBuiltInKeywords.groovy:620)
	at com.kms.katalon.core.webui.keyword.WebUiBuiltInKeywords$click$3.call(Unknown Source)
	at MemberEditor.run(MemberEditor:27)
	at com.kms.katalon.core.main.ScriptEngine.run(ScriptEngine.java:194)
	at com.kms.katalon.core.main.ScriptEngine.runScriptAsRawText(ScriptEngine.java:119)
	at com.kms.katalon.core.main.TestCaseExecutor.runScript(TestCaseExecutor.java:448)
	at com.kms.katalon.core.main.TestCaseExecutor.doExecute(TestCaseExecutor.java:439)
	at com.kms.katalon.core.main.TestCaseExecutor.processExecutionPhase(TestCaseExecutor.java:418)
	at com.kms.katalon.core.main.TestCaseExecutor.accessMainPhase(TestCaseExecutor.java:410)
	at com.kms.katalon.core.main.TestCaseExecutor.execute(TestCaseExecutor.java:285)
	at com.kms.katalon.core.common.CommonExecutor.accessTestCaseMainPhase(CommonExecutor.java:65)
	at com.kms.katalon.core.main.TestSuiteExecutor.accessTestSuiteMainPhase(TestSuiteExecutor.java:144)
	at com.kms.katalon.core.main.TestSuiteExecutor.execute(TestSuiteExecutor.java:106)
	at com.kms.katalon.core.main.TestCaseMain.startTestSuite(TestCaseMain.java:185)
	at com.kms.katalon.core.main.TestCaseMain$startTestSuite$0.call(Unknown Source)
	at TempTestSuite1665393773144.run(TempTestSuite1665393773144.groovy:36)
Caused by: com.kms.katalon.core.webui.exception.WebElementNotFoundException: Web element with id: 'Object Repository/EditorNavigation/Page_Embla Familie og Slekt/div_OversiktFamiliePerson' located by '(.//*[normalize-space(text()) and normalize-space(.)='Stein Inge Haaland'])[1]/following::div[1]' not found
	at com.kms.katalon.core.webui.common.WebUiCommonHelper.findWebElement(WebUiCommonHelper.java:1370)
	at com.kms.katalon.core.webui.keyword.internal.WebUIAbstractKeyword.findWebElement(WebUIAbstractKeyword.groovy:27)
	at com.kms.katalon.core.webui.keyword.builtin.ClickKeyword$_click_closure1.doCall(ClickKeyword.groovy:65)
	at com.kms.katalon.core.webui.keyword.builtin.ClickKeyword$_click_closure1.call(ClickKeyword.groovy)
	at com.kms.katalon.core.webui.keyword.internal.WebUIKeywordMain.runKeyword(WebUIKeywordMain.groovy:20)
	at com.kms.katalon.core.webui.keyword.builtin.ClickKeyword.click(ClickKeyword.groovy:74)
	at com.kms.katalon.core.webui.keyword.builtin.ClickKeyword.execute(ClickKeyword.groovy:40)
	at com.kms.katalon.core.keyword.internal.KeywordExecutor.executeKeywordForPlatform(KeywordExecutor.groovy:74)
	at com.kms.katalon.core.webui.keyword.WebUiBuiltInKeywords.click(WebUiBuiltInKeywords.groovy:620)
	at com.kms.katalon.core.webui.keyword.WebUiBuiltInKeywords$click$3.call(Unknown Source)
	at Script1664862104337.run(Script1664862104337.groovy:27)
	... 13 more
)
[[ATTACHMENT|C:\\Users\\PasinduS\\Katalon Studio\\EmblaFT\\Reports\\20221010_145253\\SmokeTestSuite\\20221010_145253\\1665393903592.png]]]]></system-out>
         <system-err><![CDATA[2022-10-10 14:54:32 - [TEST_CASE][FAILED] - Test Cases/SmokeTestCases/MemberEditor: Test Cases/SmokeTestCases/MemberEditor FAILED.
Reason:
com.kms.katalon.core.exception.StepFailedException: Unable to click on object 'Object Repository/EditorNavigation/Page_Embla Familie og Slekt/div_OversiktFamiliePerson'
	at com.kms.katalon.core.webui.keyword.internal.WebUIKeywordMain.stepFailed(WebUIKeywordMain.groovy:64)
	at com.kms.katalon.core.webui.keyword.internal.WebUIKeywordMain.runKeyword(WebUIKeywordMain.groovy:26)
	at com.kms.katalon.core.webui.keyword.builtin.ClickKeyword.click(ClickKeyword.groovy:74)
	at com.kms.katalon.core.webui.keyword.builtin.ClickKeyword.execute(ClickKeyword.groovy:40)
	at com.kms.katalon.core.keyword.internal.KeywordExecutor.executeKeywordForPlatform(KeywordExecutor.groovy:74)
	at com.kms.katalon.core.webui.keyword.WebUiBuiltInKeywords.click(WebUiBuiltInKeywords.groovy:620)
	at com.kms.katalon.core.webui.keyword.WebUiBuiltInKeywords$click$3.call(Unknown Source)
	at MemberEditor.run(MemberEditor:27)
	at com.kms.katalon.core.main.ScriptEngine.run(ScriptEngine.java:194)
	at com.kms.katalon.core.main.ScriptEngine.runScriptAsRawText(ScriptEngine.java:119)
	at com.kms.katalon.core.main.TestCaseExecutor.runScript(TestCaseExecutor.java:448)
	at com.kms.katalon.core.main.TestCaseExecutor.doExecute(TestCaseExecutor.java:439)
	at com.kms.katalon.core.main.TestCaseExecutor.processExecutionPhase(TestCaseExecutor.java:418)
	at com.kms.katalon.core.main.TestCaseExecutor.accessMainPhase(TestCaseExecutor.java:410)
	at com.kms.katalon.core.main.TestCaseExecutor.execute(TestCaseExecutor.java:285)
	at com.kms.katalon.core.common.CommonExecutor.accessTestCaseMainPhase(CommonExecutor.java:65)
	at com.kms.katalon.core.main.TestSuiteExecutor.accessTestSuiteMainPhase(TestSuiteExecutor.java:144)
	at com.kms.katalon.core.main.TestSuiteExecutor.execute(TestSuiteExecutor.java:106)
	at com.kms.katalon.core.main.TestCaseMain.startTestSuite(TestCaseMain.java:185)
	at com.kms.katalon.core.main.TestCaseMain$startTestSuite$0.call(Unknown Source)
	at TempTestSuite1665393773144.run(TempTestSuite1665393773144.groovy:36)
Caused by: com.kms.katalon.core.webui.exception.WebElementNotFoundException: Web element with id: 'Object Repository/EditorNavigation/Page_Embla Familie og Slekt/div_OversiktFamiliePerson' located by '(.//*[normalize-space(text()) and normalize-space(.)='Stein Inge Haaland'])[1]/following::div[1]' not found
	at com.kms.katalon.core.webui.common.WebUiCommonHelper.findWebElement(WebUiCommonHelper.java:1370)
	at com.kms.katalon.core.webui.keyword.internal.WebUIAbstractKeyword.findWebElement(WebUIAbstractKeyword.groovy:27)
	at com.kms.katalon.core.webui.keyword.builtin.ClickKeyword$_click_closure1.doCall(ClickKeyword.groovy:65)
	at com.kms.katalon.core.webui.keyword.builtin.ClickKeyword$_click_closure1.call(ClickKeyword.groovy)
	at com.kms.katalon.core.webui.keyword.internal.WebUIKeywordMain.runKeyword(WebUIKeywordMain.groovy:20)
	... 19 more]]></system-err>
      </testcase>
      <testcase name="Test Cases/SmokeTestCases/PublishFanChartReport" time="11.943" classname="Test Cases/SmokeTestCases/PublishFanChartReport" status="PASSED">
         <system-out><![CDATA[2022-10-10 14:55:03 - [TEST_CASE][PASSED] - Test Cases/SmokeTestCases/PublishFanChartReport: Test Cases/SmokeTestCases/PublishFanChartReport

2022-10-10 14:55:04 - [TEST_STEP][PASSED] - waitForPageLoad(0, STOP_ON_FAILURE): Wait for page load successfully

2022-10-10 14:55:04 - [MESSAGE][WARNING] - Timeout '0' is invalid. Using default page load timeout: '30'

2022-10-10 14:55:04 - [MESSAGE][PASSED] - Wait for page load successfully

2022-10-10 14:55:04 - [TEST_STEP][PASSED] - navigateToUrl("http://dev.ft.embla.no/dashboard"): Navigate to 'http://dev.ft.embla.no/dashboard' successfully

2022-10-10 14:55:04 - [MESSAGE][PASSED] - Navigate to 'http://dev.ft.embla.no/dashboard' successfully

2022-10-10 14:55:04 - [TEST_STEP][PASSED] - click(findTestObject("Object Repository/PublishFanReport/Page_Embla Familie og Slekt/li_RapporterRapportpanelAnesirkelAnesirkel _43cf84")): Object: 'Object Repository/PublishFanReport/Page_Embla Familie og Slekt/li_RapporterRapportpanelAnesirkelAnesirkel _43cf84' is clicked on

2022-10-10 14:55:08 - [MESSAGE][PASSED] - Object: 'Object Repository/PublishFanReport/Page_Embla Familie og Slekt/li_RapporterRapportpanelAnesirkelAnesirkel _43cf84' is clicked on

2022-10-10 14:55:08 - [TEST_STEP][PASSED] - click(findTestObject("Object Repository/PublishFanReport/Page_Embla Familie og Slekt/li_Anesirkel (blader)")): Object: 'Object Repository/PublishFanReport/Page_Embla Familie og Slekt/li_Anesirkel (blader)' is clicked on

2022-10-10 14:55:08 - [MESSAGE][PASSED] - Object: 'Object Repository/PublishFanReport/Page_Embla Familie og Slekt/li_Anesirkel (blader)' is clicked on

2022-10-10 14:55:08 - [TEST_STEP][PASSED] - click(findTestObject("Object Repository/PublishFanReport/Page_Embla Familie og Slekt/div_Publiser")): Object: 'Object Repository/PublishFanReport/Page_Embla Familie og Slekt/div_Publiser' is clicked on

2022-10-10 14:55:12 - [MESSAGE][PASSED] - Object: 'Object Repository/PublishFanReport/Page_Embla Familie og Slekt/div_Publiser' is clicked on

2022-10-10 14:55:12 - [TEST_STEP][PASSED] - setText(findTestObject("Object Repository/PublishFanReport/Page_Embla Familie og Slekt/input_Tittel_reportTitle"), "Pasi"): Text 'Pasi' is set on object 'Object Repository/PublishFanReport/Page_Embla Familie og Slekt/input_Tittel_reportTitle'

2022-10-10 14:55:13 - [MESSAGE][PASSED] - Text 'Pasi' is set on object 'Object Repository/PublishFanReport/Page_Embla Familie og Slekt/input_Tittel_reportTitle'

2022-10-10 14:55:13 - [TEST_STEP][PASSED] - click(findTestObject("Object Repository/PublishFanReport/Page_Embla Familie og Slekt/button_Publiser")): Object: 'Object Repository/PublishFanReport/Page_Embla Familie og Slekt/button_Publiser' is clicked on

2022-10-10 14:55:13 - [MESSAGE][PASSED] - Object: 'Object Repository/PublishFanReport/Page_Embla Familie og Slekt/button_Publiser' is clicked on

2022-10-10 14:55:13 - [TEST_STEP][PASSED] - click(findTestObject("EditorNavigation/Page_Embla Familie og Slekt/a_Hjem")): Object: 'Object Repository/EditorNavigation/Page_Embla Familie og Slekt/a_Hjem' is clicked on

2022-10-10 14:55:15 - [MESSAGE][PASSED] - Object: 'Object Repository/EditorNavigation/Page_Embla Familie og Slekt/a_Hjem' is clicked on

2022-10-10 14:55:15 - [TEST_STEP][PASSED] - waitForPageLoad(0, STOP_ON_FAILURE): Wait for page load successfully

2022-10-10 14:55:15 - [MESSAGE][WARNING] - Timeout '0' is invalid. Using default page load timeout: '30'

2022-10-10 14:55:15 - [MESSAGE][PASSED] - Wait for page load successfully]]></system-out>
         <system-err><![CDATA[]]></system-err>
      </testcase>
      <testcase name="Test Cases/SmokeTestCases/MulitimediaList" time="36.21" classname="Test Cases/SmokeTestCases/MulitimediaList" status="FAILED">
         <failure type="FAILED" message="Test Cases/SmokeTestCases/MulitimediaList FAILED.
Reason:
com.kms.katalon.core.exception.StepFailedException: Unable to click on object 'Object Repository/ViewMulitimediaList/Page_Embla Familie og Slekt/button_Avbryt'
	at com.kms.katalon.core.webui.keyword.internal.WebUIKeywordMain.stepFailed(WebUIKeywordMain.groovy:64)
	at com.kms.katalon.core.webui.keyword.internal.WebUIKeywordMain.runKeyword(WebUIKeywordMain.groovy:26)
	at com.kms.katalon.core.webui.keyword.builtin.ClickKeyword.click(ClickKeyword.groovy:74)
	at com.kms.katalon.core.webui.keyword.builtin.ClickKeyword.execute(ClickKeyword.groovy:40)
	at com.kms.katalon.core.keyword.internal.KeywordExecutor.executeKeywordForPlatform(KeywordExecutor.groovy:74)
	at com.kms.katalon.core.webui.keyword.WebUiBuiltInKeywords.click(WebUiBuiltInKeywords.groovy:620)
	at com.kms.katalon.core.webui.keyword.WebUiBuiltInKeywords$click$3.call(Unknown Source)
	at MulitimediaList.run(MulitimediaList:30)
	at com.kms.katalon.core.main.ScriptEngine.run(ScriptEngine.java:194)
	at com.kms.katalon.core.main.ScriptEngine.runScriptAsRawText(ScriptEngine.java:119)
	at com.kms.katalon.core.main.TestCaseExecutor.runScript(TestCaseExecutor.java:448)
	at com.kms.katalon.core.main.TestCaseExecutor.doExecute(TestCaseExecutor.java:439)
	at com.kms.katalon.core.main.TestCaseExecutor.processExecutionPhase(TestCaseExecutor.java:418)
	at com.kms.katalon.core.main.TestCaseExecutor.accessMainPhase(TestCaseExecutor.java:410)
	at com.kms.katalon.core.main.TestCaseExecutor.execute(TestCaseExecutor.java:285)
	at com.kms.katalon.core.common.CommonExecutor.accessTestCaseMainPhase(CommonExecutor.java:65)
	at com.kms.katalon.core.main.TestSuiteExecutor.accessTestSuiteMainPhase(TestSuiteExecutor.java:144)
	at com.kms.katalon.core.main.TestSuiteExecutor.execute(TestSuiteExecutor.java:106)
	at com.kms.katalon.core.main.TestCaseMain.startTestSuite(TestCaseMain.java:185)
	at com.kms.katalon.core.main.TestCaseMain$startTestSuite$0.call(Unknown Source)
	at TempTestSuite1665393773144.run(TempTestSuite1665393773144.groovy:36)
Caused by: com.kms.katalon.core.webui.exception.WebElementNotFoundException: Web element with id: 'Object Repository/ViewMulitimediaList/Page_Embla Familie og Slekt/button_Avbryt' located by '(.//*[normalize-space(text()) and normalize-space(.)='Agnes Sletten.JPG'])[1]/following::button[1]' not found
	at com.kms.katalon.core.webui.common.WebUiCommonHelper.findWebElement(WebUiCommonHelper.java:1370)
	at com.kms.katalon.core.webui.keyword.internal.WebUIAbstractKeyword.findWebElement(WebUIAbstractKeyword.groovy:27)
	at com.kms.katalon.core.webui.keyword.builtin.ClickKeyword$_click_closure1.doCall(ClickKeyword.groovy:65)
	at com.kms.katalon.core.webui.keyword.builtin.ClickKeyword$_click_closure1.call(ClickKeyword.groovy)
	at com.kms.katalon.core.webui.keyword.internal.WebUIKeywordMain.runKeyword(WebUIKeywordMain.groovy:20)
	... 19 more
"/>
         <system-out><![CDATA[2022-10-10 14:55:15 - [TEST_CASE][FAILED] - Test Cases/SmokeTestCases/MulitimediaList: Test Cases/SmokeTestCases/MulitimediaList FAILED.
Reason:
com.kms.katalon.core.exception.StepFailedException: Unable to click on object 'Object Repository/ViewMulitimediaList/Page_Embla Familie og Slekt/button_Avbryt'
	at com.kms.katalon.core.webui.keyword.internal.WebUIKeywordMain.stepFailed(WebUIKeywordMain.groovy:64)
	at com.kms.katalon.core.webui.keyword.internal.WebUIKeywordMain.runKeyword(WebUIKeywordMain.groovy:26)
	at com.kms.katalon.core.webui.keyword.builtin.ClickKeyword.click(ClickKeyword.groovy:74)
	at com.kms.katalon.core.webui.keyword.builtin.ClickKeyword.execute(ClickKeyword.groovy:40)
	at com.kms.katalon.core.keyword.internal.KeywordExecutor.executeKeywordForPlatform(KeywordExecutor.groovy:74)
	at com.kms.katalon.core.webui.keyword.WebUiBuiltInKeywords.click(WebUiBuiltInKeywords.groovy:620)
	at com.kms.katalon.core.webui.keyword.WebUiBuiltInKeywords$click$3.call(Unknown Source)
	at MulitimediaList.run(MulitimediaList:30)
	at com.kms.katalon.core.main.ScriptEngine.run(ScriptEngine.java:194)
	at com.kms.katalon.core.main.ScriptEngine.runScriptAsRawText(ScriptEngine.java:119)
	at com.kms.katalon.core.main.TestCaseExecutor.runScript(TestCaseExecutor.java:448)
	at com.kms.katalon.core.main.TestCaseExecutor.doExecute(TestCaseExecutor.java:439)
	at com.kms.katalon.core.main.TestCaseExecutor.processExecutionPhase(TestCaseExecutor.java:418)
	at com.kms.katalon.core.main.TestCaseExecutor.accessMainPhase(TestCaseExecutor.java:410)
	at com.kms.katalon.core.main.TestCaseExecutor.execute(TestCaseExecutor.java:285)
	at com.kms.katalon.core.common.CommonExecutor.accessTestCaseMainPhase(CommonExecutor.java:65)
	at com.kms.katalon.core.main.TestSuiteExecutor.accessTestSuiteMainPhase(TestSuiteExecutor.java:144)
	at com.kms.katalon.core.main.TestSuiteExecutor.execute(TestSuiteExecutor.java:106)
	at com.kms.katalon.core.main.TestCaseMain.startTestSuite(TestCaseMain.java:185)
	at com.kms.katalon.core.main.TestCaseMain$startTestSuite$0.call(Unknown Source)
	at TempTestSuite1665393773144.run(TempTestSuite1665393773144.groovy:36)
Caused by: com.kms.katalon.core.webui.exception.WebElementNotFoundException: Web element with id: 'Object Repository/ViewMulitimediaList/Page_Embla Familie og Slekt/button_Avbryt' located by '(.//*[normalize-space(text()) and normalize-space(.)='Agnes Sletten.JPG'])[1]/following::button[1]' not found
	at com.kms.katalon.core.webui.common.WebUiCommonHelper.findWebElement(WebUiCommonHelper.java:1370)
	at com.kms.katalon.core.webui.keyword.internal.WebUIAbstractKeyword.findWebElement(WebUIAbstractKeyword.groovy:27)
	at com.kms.katalon.core.webui.keyword.builtin.ClickKeyword$_click_closure1.doCall(ClickKeyword.groovy:65)
	at com.kms.katalon.core.webui.keyword.builtin.ClickKeyword$_click_closure1.call(ClickKeyword.groovy)
	at com.kms.katalon.core.webui.keyword.internal.WebUIKeywordMain.runKeyword(WebUIKeywordMain.groovy:20)
	... 19 more


2022-10-10 14:55:16 - [TEST_STEP][PASSED] - waitForPageLoad(0, STOP_ON_FAILURE): Wait for page load successfully

2022-10-10 14:55:16 - [MESSAGE][WARNING] - Timeout '0' is invalid. Using default page load timeout: '30'

2022-10-10 14:55:16 - [MESSAGE][PASSED] - Wait for page load successfully

2022-10-10 14:55:16 - [TEST_STEP][PASSED] - navigateToUrl("http://dev.ft.embla.no/dashboard"): Navigate to 'http://dev.ft.embla.no/dashboard' successfully

2022-10-10 14:55:16 - [MESSAGE][PASSED] - Navigate to 'http://dev.ft.embla.no/dashboard' successfully

2022-10-10 14:55:16 - [TEST_STEP][PASSED] - click(findTestObject("Object Repository/ViewMulitimediaList/Page_Embla Familie og Slekt/li_RessurserOversiktPersonFamilieStedsnavns_bc2571")): Object: 'Object Repository/ViewMulitimediaList/Page_Embla Familie og Slekt/li_RessurserOversiktPersonFamilieStedsnavns_bc2571' is clicked on

2022-10-10 14:55:20 - [MESSAGE][PASSED] - Object: 'Object Repository/ViewMulitimediaList/Page_Embla Familie og Slekt/li_RessurserOversiktPersonFamilieStedsnavns_bc2571' is clicked on

2022-10-10 14:55:20 - [TEST_STEP][PASSED] - click(findTestObject("Object Repository/ViewMulitimediaList/Page_Embla Familie og Slekt/li_Multimedialiste")): Object: 'Object Repository/ViewMulitimediaList/Page_Embla Familie og Slekt/li_Multimedialiste' is clicked on

2022-10-10 14:55:20 - [MESSAGE][PASSED] - Object: 'Object Repository/ViewMulitimediaList/Page_Embla Familie og Slekt/li_Multimedialiste' is clicked on

2022-10-10 14:55:20 - [TEST_STEP][PASSED] - waitForPageLoad(0, STOP_ON_FAILURE): Wait for page load successfully

2022-10-10 14:55:20 - [MESSAGE][WARNING] - Timeout '0' is invalid. Using default page load timeout: '30'

2022-10-10 14:55:20 - [MESSAGE][PASSED] - Wait for page load successfully

2022-10-10 14:55:20 - [TEST_STEP][FAILED] - click(findTestObject("Object Repository/ViewMulitimediaList/Page_Embla Familie og Slekt/button_Avbryt")): Unable to click on object 'Object Repository/ViewMulitimediaList/Page_Embla Familie og Slekt/button_Avbryt' (Root cause: com.kms.katalon.core.exception.StepFailedException: Unable to click on object 'Object Repository/ViewMulitimediaList/Page_Embla Familie og Slekt/button_Avbryt'
	at com.kms.katalon.core.webui.keyword.internal.WebUIKeywordMain.stepFailed(WebUIKeywordMain.groovy:64)
	at com.kms.katalon.core.webui.keyword.internal.WebUIKeywordMain.runKeyword(WebUIKeywordMain.groovy:26)
	at com.kms.katalon.core.webui.keyword.builtin.ClickKeyword.click(ClickKeyword.groovy:74)
	at com.kms.katalon.core.webui.keyword.builtin.ClickKeyword.execute(ClickKeyword.groovy:40)
	at com.kms.katalon.core.keyword.internal.KeywordExecutor.executeKeywordForPlatform(KeywordExecutor.groovy:74)
	at com.kms.katalon.core.webui.keyword.WebUiBuiltInKeywords.click(WebUiBuiltInKeywords.groovy:620)
	at com.kms.katalon.core.webui.keyword.WebUiBuiltInKeywords$click$3.call(Unknown Source)
	at MulitimediaList.run(MulitimediaList:30)
	at com.kms.katalon.core.main.ScriptEngine.run(ScriptEngine.java:194)
	at com.kms.katalon.core.main.ScriptEngine.runScriptAsRawText(ScriptEngine.java:119)
	at com.kms.katalon.core.main.TestCaseExecutor.runScript(TestCaseExecutor.java:448)
	at com.kms.katalon.core.main.TestCaseExecutor.doExecute(TestCaseExecutor.java:439)
	at com.kms.katalon.core.main.TestCaseExecutor.processExecutionPhase(TestCaseExecutor.java:418)
	at com.kms.katalon.core.main.TestCaseExecutor.accessMainPhase(TestCaseExecutor.java:410)
	at com.kms.katalon.core.main.TestCaseExecutor.execute(TestCaseExecutor.java:285)
	at com.kms.katalon.core.common.CommonExecutor.accessTestCaseMainPhase(CommonExecutor.java:65)
	at com.kms.katalon.core.main.TestSuiteExecutor.accessTestSuiteMainPhase(TestSuiteExecutor.java:144)
	at com.kms.katalon.core.main.TestSuiteExecutor.execute(TestSuiteExecutor.java:106)
	at com.kms.katalon.core.main.TestCaseMain.startTestSuite(TestCaseMain.java:185)
	at com.kms.katalon.core.main.TestCaseMain$startTestSuite$0.call(Unknown Source)
	at TempTestSuite1665393773144.run(TempTestSuite1665393773144.groovy:36)
Caused by: com.kms.katalon.core.webui.exception.WebElementNotFoundException: Web element with id: 'Object Repository/ViewMulitimediaList/Page_Embla Familie og Slekt/button_Avbryt' located by '(.//*[normalize-space(text()) and normalize-space(.)='Agnes Sletten.JPG'])[1]/following::button[1]' not found
	at com.kms.katalon.core.webui.common.WebUiCommonHelper.findWebElement(WebUiCommonHelper.java:1370)
	at com.kms.katalon.core.webui.keyword.internal.WebUIAbstractKeyword.findWebElement(WebUIAbstractKeyword.groovy:27)
	at com.kms.katalon.core.webui.keyword.builtin.ClickKeyword$_click_closure1.doCall(ClickKeyword.groovy:65)
	at com.kms.katalon.core.webui.keyword.builtin.ClickKeyword$_click_closure1.call(ClickKeyword.groovy)
	at com.kms.katalon.core.webui.keyword.internal.WebUIKeywordMain.runKeyword(WebUIKeywordMain.groovy:20)
	at com.kms.katalon.core.webui.keyword.builtin.ClickKeyword.click(ClickKeyword.groovy:74)
	at com.kms.katalon.core.webui.keyword.builtin.ClickKeyword.execute(ClickKeyword.groovy:40)
	at com.kms.katalon.core.keyword.internal.KeywordExecutor.executeKeywordForPlatform(KeywordExecutor.groovy:74)
	at com.kms.katalon.core.webui.keyword.WebUiBuiltInKeywords.click(WebUiBuiltInKeywords.groovy:620)
	at com.kms.katalon.core.webui.keyword.WebUiBuiltInKeywords$click$3.call(Unknown Source)
	at Script1664890502734.run(Script1664890502734.groovy:30)
	... 13 more
)

2022-10-10 14:55:51 - [MESSAGE][INFO] - Unable to find the element located by 'By.xpath: (.//*[normalize-space(text()) and normalize-space(.)='Agnes Sletten.JPG'])[1]/following::button[1]'. Please recheck the objects properties to make sure the desired element is located. 

2022-10-10 14:55:52 - [MESSAGE][FAILED] - Unable to click on object 'Object Repository/ViewMulitimediaList/Page_Embla Familie og Slekt/button_Avbryt' (Root cause: com.kms.katalon.core.exception.StepFailedException: Unable to click on object 'Object Repository/ViewMulitimediaList/Page_Embla Familie og Slekt/button_Avbryt'
	at com.kms.katalon.core.webui.keyword.internal.WebUIKeywordMain.stepFailed(WebUIKeywordMain.groovy:64)
	at com.kms.katalon.core.webui.keyword.internal.WebUIKeywordMain.runKeyword(WebUIKeywordMain.groovy:26)
	at com.kms.katalon.core.webui.keyword.builtin.ClickKeyword.click(ClickKeyword.groovy:74)
	at com.kms.katalon.core.webui.keyword.builtin.ClickKeyword.execute(ClickKeyword.groovy:40)
	at com.kms.katalon.core.keyword.internal.KeywordExecutor.executeKeywordForPlatform(KeywordExecutor.groovy:74)
	at com.kms.katalon.core.webui.keyword.WebUiBuiltInKeywords.click(WebUiBuiltInKeywords.groovy:620)
	at com.kms.katalon.core.webui.keyword.WebUiBuiltInKeywords$click$3.call(Unknown Source)
	at MulitimediaList.run(MulitimediaList:30)
	at com.kms.katalon.core.main.ScriptEngine.run(ScriptEngine.java:194)
	at com.kms.katalon.core.main.ScriptEngine.runScriptAsRawText(ScriptEngine.java:119)
	at com.kms.katalon.core.main.TestCaseExecutor.runScript(TestCaseExecutor.java:448)
	at com.kms.katalon.core.main.TestCaseExecutor.doExecute(TestCaseExecutor.java:439)
	at com.kms.katalon.core.main.TestCaseExecutor.processExecutionPhase(TestCaseExecutor.java:418)
	at com.kms.katalon.core.main.TestCaseExecutor.accessMainPhase(TestCaseExecutor.java:410)
	at com.kms.katalon.core.main.TestCaseExecutor.execute(TestCaseExecutor.java:285)
	at com.kms.katalon.core.common.CommonExecutor.accessTestCaseMainPhase(CommonExecutor.java:65)
	at com.kms.katalon.core.main.TestSuiteExecutor.accessTestSuiteMainPhase(TestSuiteExecutor.java:144)
	at com.kms.katalon.core.main.TestSuiteExecutor.execute(TestSuiteExecutor.java:106)
	at com.kms.katalon.core.main.TestCaseMain.startTestSuite(TestCaseMain.java:185)
	at com.kms.katalon.core.main.TestCaseMain$startTestSuite$0.call(Unknown Source)
	at TempTestSuite1665393773144.run(TempTestSuite1665393773144.groovy:36)
Caused by: com.kms.katalon.core.webui.exception.WebElementNotFoundException: Web element with id: 'Object Repository/ViewMulitimediaList/Page_Embla Familie og Slekt/button_Avbryt' located by '(.//*[normalize-space(text()) and normalize-space(.)='Agnes Sletten.JPG'])[1]/following::button[1]' not found
	at com.kms.katalon.core.webui.common.WebUiCommonHelper.findWebElement(WebUiCommonHelper.java:1370)
	at com.kms.katalon.core.webui.keyword.internal.WebUIAbstractKeyword.findWebElement(WebUIAbstractKeyword.groovy:27)
	at com.kms.katalon.core.webui.keyword.builtin.ClickKeyword$_click_closure1.doCall(ClickKeyword.groovy:65)
	at com.kms.katalon.core.webui.keyword.builtin.ClickKeyword$_click_closure1.call(ClickKeyword.groovy)
	at com.kms.katalon.core.webui.keyword.internal.WebUIKeywordMain.runKeyword(WebUIKeywordMain.groovy:20)
	at com.kms.katalon.core.webui.keyword.builtin.ClickKeyword.click(ClickKeyword.groovy:74)
	at com.kms.katalon.core.webui.keyword.builtin.ClickKeyword.execute(ClickKeyword.groovy:40)
	at com.kms.katalon.core.keyword.internal.KeywordExecutor.executeKeywordForPlatform(KeywordExecutor.groovy:74)
	at com.kms.katalon.core.webui.keyword.WebUiBuiltInKeywords.click(WebUiBuiltInKeywords.groovy:620)
	at com.kms.katalon.core.webui.keyword.WebUiBuiltInKeywords$click$3.call(Unknown Source)
	at Script1664890502734.run(Script1664890502734.groovy:30)
	... 13 more
)
[[ATTACHMENT|C:\\Users\\PasinduS\\Katalon Studio\\EmblaFT\\Reports\\20221010_145253\\SmokeTestSuite\\20221010_145253\\1665393951928.png]]]]></system-out>
         <system-err><![CDATA[2022-10-10 14:55:15 - [TEST_CASE][FAILED] - Test Cases/SmokeTestCases/MulitimediaList: Test Cases/SmokeTestCases/MulitimediaList FAILED.
Reason:
com.kms.katalon.core.exception.StepFailedException: Unable to click on object 'Object Repository/ViewMulitimediaList/Page_Embla Familie og Slekt/button_Avbryt'
	at com.kms.katalon.core.webui.keyword.internal.WebUIKeywordMain.stepFailed(WebUIKeywordMain.groovy:64)
	at com.kms.katalon.core.webui.keyword.internal.WebUIKeywordMain.runKeyword(WebUIKeywordMain.groovy:26)
	at com.kms.katalon.core.webui.keyword.builtin.ClickKeyword.click(ClickKeyword.groovy:74)
	at com.kms.katalon.core.webui.keyword.builtin.ClickKeyword.execute(ClickKeyword.groovy:40)
	at com.kms.katalon.core.keyword.internal.KeywordExecutor.executeKeywordForPlatform(KeywordExecutor.groovy:74)
	at com.kms.katalon.core.webui.keyword.WebUiBuiltInKeywords.click(WebUiBuiltInKeywords.groovy:620)
	at com.kms.katalon.core.webui.keyword.WebUiBuiltInKeywords$click$3.call(Unknown Source)
	at MulitimediaList.run(MulitimediaList:30)
	at com.kms.katalon.core.main.ScriptEngine.run(ScriptEngine.java:194)
	at com.kms.katalon.core.main.ScriptEngine.runScriptAsRawText(ScriptEngine.java:119)
	at com.kms.katalon.core.main.TestCaseExecutor.runScript(TestCaseExecutor.java:448)
	at com.kms.katalon.core.main.TestCaseExecutor.doExecute(TestCaseExecutor.java:439)
	at com.kms.katalon.core.main.TestCaseExecutor.processExecutionPhase(TestCaseExecutor.java:418)
	at com.kms.katalon.core.main.TestCaseExecutor.accessMainPhase(TestCaseExecutor.java:410)
	at com.kms.katalon.core.main.TestCaseExecutor.execute(TestCaseExecutor.java:285)
	at com.kms.katalon.core.common.CommonExecutor.accessTestCaseMainPhase(CommonExecutor.java:65)
	at com.kms.katalon.core.main.TestSuiteExecutor.accessTestSuiteMainPhase(TestSuiteExecutor.java:144)
	at com.kms.katalon.core.main.TestSuiteExecutor.execute(TestSuiteExecutor.java:106)
	at com.kms.katalon.core.main.TestCaseMain.startTestSuite(TestCaseMain.java:185)
	at com.kms.katalon.core.main.TestCaseMain$startTestSuite$0.call(Unknown Source)
	at TempTestSuite1665393773144.run(TempTestSuite1665393773144.groovy:36)
Caused by: com.kms.katalon.core.webui.exception.WebElementNotFoundException: Web element with id: 'Object Repository/ViewMulitimediaList/Page_Embla Familie og Slekt/button_Avbryt' located by '(.//*[normalize-space(text()) and normalize-space(.)='Agnes Sletten.JPG'])[1]/following::button[1]' not found
	at com.kms.katalon.core.webui.common.WebUiCommonHelper.findWebElement(WebUiCommonHelper.java:1370)
	at com.kms.katalon.core.webui.keyword.internal.WebUIAbstractKeyword.findWebElement(WebUIAbstractKeyword.groovy:27)
	at com.kms.katalon.core.webui.keyword.builtin.ClickKeyword$_click_closure1.doCall(ClickKeyword.groovy:65)
	at com.kms.katalon.core.webui.keyword.builtin.ClickKeyword$_click_closure1.call(ClickKeyword.groovy)
	at com.kms.katalon.core.webui.keyword.internal.WebUIKeywordMain.runKeyword(WebUIKeywordMain.groovy:20)
	... 19 more]]></system-err>
      </testcase>
      <testcase name="Test Cases/SmokeTestCases/ViewFanChartReport" time="11.369" classname="Test Cases/SmokeTestCases/ViewFanChartReport" status="PASSED">
         <system-out><![CDATA[2022-10-10 14:55:52 - [TEST_CASE][PASSED] - Test Cases/SmokeTestCases/ViewFanChartReport: Test Cases/SmokeTestCases/ViewFanChartReport

2022-10-10 14:55:52 - [TEST_STEP][PASSED] - waitForPageLoad(0, STOP_ON_FAILURE): Wait for page load successfully

2022-10-10 14:55:52 - [MESSAGE][WARNING] - Timeout '0' is invalid. Using default page load timeout: '30'

2022-10-10 14:55:52 - [MESSAGE][PASSED] - Wait for page load successfully

2022-10-10 14:55:52 - [TEST_STEP][PASSED] - navigateToUrl("http://dev.ft.embla.no/dashboard"): Navigate to 'http://dev.ft.embla.no/dashboard' successfully

2022-10-10 14:55:52 - [MESSAGE][PASSED] - Navigate to 'http://dev.ft.embla.no/dashboard' successfully

2022-10-10 14:55:52 - [TEST_STEP][PASSED] - click(findTestObject("EditorNavigation/Page_Embla Familie og Slekt/a_Hjem")): Object: 'Object Repository/EditorNavigation/Page_Embla Familie og Slekt/a_Hjem' is clicked on

2022-10-10 14:55:56 - [MESSAGE][PASSED] - Object: 'Object Repository/EditorNavigation/Page_Embla Familie og Slekt/a_Hjem' is clicked on

2022-10-10 14:55:56 - [TEST_STEP][PASSED] - click(findTestObject("Object Repository/ViewFanChartReport/Page_Embla Familie og Slekt/li_RapporterRapportpanelAnesirkelAnesirkel _43cf84")): Object: 'Object Repository/ViewFanChartReport/Page_Embla Familie og Slekt/li_RapporterRapportpanelAnesirkelAnesirkel _43cf84' is clicked on

2022-10-10 14:55:59 - [MESSAGE][PASSED] - Object: 'Object Repository/ViewFanChartReport/Page_Embla Familie og Slekt/li_RapporterRapportpanelAnesirkelAnesirkel _43cf84' is clicked on

2022-10-10 14:55:59 - [TEST_STEP][PASSED] - click(findTestObject("Object Repository/ViewFanChartReport/Page_Embla Familie og Slekt/li_Anesirkel")): Object: 'Object Repository/ViewFanChartReport/Page_Embla Familie og Slekt/li_Anesirkel' is clicked on

2022-10-10 14:56:00 - [MESSAGE][PASSED] - Object: 'Object Repository/ViewFanChartReport/Page_Embla Familie og Slekt/li_Anesirkel' is clicked on

2022-10-10 14:56:00 - [TEST_STEP][PASSED] - click(findTestObject("EditorNavigation/Page_Embla Familie og Slekt/a_Hjem")): Object: 'Object Repository/EditorNavigation/Page_Embla Familie og Slekt/a_Hjem' is clicked on

2022-10-10 14:56:03 - [MESSAGE][PASSED] - Object: 'Object Repository/EditorNavigation/Page_Embla Familie og Slekt/a_Hjem' is clicked on

2022-10-10 14:56:03 - [TEST_STEP][PASSED] - waitForPageLoad(0, STOP_ON_FAILURE): Wait for page load successfully

2022-10-10 14:56:03 - [MESSAGE][WARNING] - Timeout '0' is invalid. Using default page load timeout: '30'

2022-10-10 14:56:03 - [MESSAGE][PASSED] - Wait for page load successfully]]></system-out>
         <system-err><![CDATA[]]></system-err>
      </testcase>
      <system-out><![CDATA[2022-10-10 14:53:04 - [TEST_SUITE][FAILED] - SmokeTestSuite: Test Cases/SmokeTestCases/CreateNewFamilyTree FAILED.
Reason:
com.kms.katalon.core.exception.StepFailedException: Unable to set text
	at com.kms.katalon.core.webui.keyword.internal.WebUIKeywordMain.stepFailed(WebUIKeywordMain.groovy:64)
	at com.kms.katalon.core.webui.keyword.internal.WebUIKeywordMain.runKeyword(WebUIKeywordMain.groovy:26)
	at com.kms.katalon.core.webui.keyword.builtin.SetTextKeyword.setText(SetTextKeyword.groovy:66)
	at com.kms.katalon.core.webui.keyword.builtin.SetTextKeyword.execute(SetTextKeyword.groovy:37)
	at com.kms.katalon.core.keyword.internal.KeywordExecutor.executeKeywordForPlatform(KeywordExecutor.groovy:74)
	at com.kms.katalon.core.webui.keyword.WebUiBuiltInKeywords.setText(WebUiBuiltInKeywords.groovy:980)
	at com.kms.katalon.core.webui.keyword.WebUiBuiltInKeywords$setText$4.call(Unknown Source)
	at CreateNewFamilyTree.run(CreateNewFamilyTree:24)
	at com.kms.katalon.core.main.ScriptEngine.run(ScriptEngine.java:194)
	at com.kms.katalon.core.main.ScriptEngine.runScriptAsRawText(ScriptEngine.java:119)
	at com.kms.katalon.core.main.TestCaseExecutor.runScript(TestCaseExecutor.java:448)
	at com.kms.katalon.core.main.TestCaseExecutor.doExecute(TestCaseExecutor.java:439)
	at com.kms.katalon.core.main.TestCaseExecutor.processExecutionPhase(TestCaseExecutor.java:418)
	at com.kms.katalon.core.main.TestCaseExecutor.accessMainPhase(TestCaseExecutor.java:410)
	at com.kms.katalon.core.main.TestCaseExecutor.execute(TestCaseExecutor.java:285)
	at com.kms.katalon.core.common.CommonExecutor.accessTestCaseMainPhase(CommonExecutor.java:65)
	at com.kms.katalon.core.main.TestSuiteExecutor.accessTestSuiteMainPhase(TestSuiteExecutor.java:144)
	at com.kms.katalon.core.main.TestSuiteExecutor.execute(TestSuiteExecutor.java:106)
	at com.kms.katalon.core.main.TestCaseMain.startTestSuite(TestCaseMain.java:185)
	at com.kms.katalon.core.main.TestCaseMain$startTestSuite$0.call(Unknown Source)
	at TempTestSuite1665393773144.run(TempTestSuite1665393773144.groovy:36)
Caused by: java.lang.IllegalArgumentException: Object is null
	at com.kms.katalon.core.helper.KeywordHelper.checkTestObjectParameter(KeywordHelper.java:33)
	at com.kms.katalon.core.webui.keyword.builtin.SetTextKeyword$_setText_closure1.doCall(SetTextKeyword.groovy:45)
	at com.kms.katalon.core.webui.keyword.builtin.SetTextKeyword$_setText_closure1.call(SetTextKeyword.groovy)
	at com.kms.katalon.core.webui.keyword.internal.WebUIKeywordMain.runKeyword(WebUIKeywordMain.groovy:20)
	... 19 more]]></system-out>
      <system-err><![CDATA[2022-10-10 14:53:04 - [TEST_SUITE][FAILED] - SmokeTestSuite: Test Cases/SmokeTestCases/CreateNewFamilyTree FAILED.
Reason:
com.kms.katalon.core.exception.StepFailedException: Unable to set text
	at com.kms.katalon.core.webui.keyword.internal.WebUIKeywordMain.stepFailed(WebUIKeywordMain.groovy:64)
	at com.kms.katalon.core.webui.keyword.internal.WebUIKeywordMain.runKeyword(WebUIKeywordMain.groovy:26)
	at com.kms.katalon.core.webui.keyword.builtin.SetTextKeyword.setText(SetTextKeyword.groovy:66)
	at com.kms.katalon.core.webui.keyword.builtin.SetTextKeyword.execute(SetTextKeyword.groovy:37)
	at com.kms.katalon.core.keyword.internal.KeywordExecutor.executeKeywordForPlatform(KeywordExecutor.groovy:74)
	at com.kms.katalon.core.webui.keyword.WebUiBuiltInKeywords.setText(WebUiBuiltInKeywords.groovy:980)
	at com.kms.katalon.core.webui.keyword.WebUiBuiltInKeywords$setText$4.call(Unknown Source)
	at CreateNewFamilyTree.run(CreateNewFamilyTree:24)
	at com.kms.katalon.core.main.ScriptEngine.run(ScriptEngine.java:194)
	at com.kms.katalon.core.main.ScriptEngine.runScriptAsRawText(ScriptEngine.java:119)
	at com.kms.katalon.core.main.TestCaseExecutor.runScript(TestCaseExecutor.java:448)
	at com.kms.katalon.core.main.TestCaseExecutor.doExecute(TestCaseExecutor.java:439)
	at com.kms.katalon.core.main.TestCaseExecutor.processExecutionPhase(TestCaseExecutor.java:418)
	at com.kms.katalon.core.main.TestCaseExecutor.accessMainPhase(TestCaseExecutor.java:410)
	at com.kms.katalon.core.main.TestCaseExecutor.execute(TestCaseExecutor.java:285)
	at com.kms.katalon.core.common.CommonExecutor.accessTestCaseMainPhase(CommonExecutor.java:65)
	at com.kms.katalon.core.main.TestSuiteExecutor.accessTestSuiteMainPhase(TestSuiteExecutor.java:144)
	at com.kms.katalon.core.main.TestSuiteExecutor.execute(TestSuiteExecutor.java:106)
	at com.kms.katalon.core.main.TestCaseMain.startTestSuite(TestCaseMain.java:185)
	at com.kms.katalon.core.main.TestCaseMain$startTestSuite$0.call(Unknown Source)
	at TempTestSuite1665393773144.run(TempTestSuite1665393773144.groovy:36)
Caused by: java.lang.IllegalArgumentException: Object is null
	at com.kms.katalon.core.helper.KeywordHelper.checkTestObjectParameter(KeywordHelper.java:33)
	at com.kms.katalon.core.webui.keyword.builtin.SetTextKeyword$_setText_closure1.doCall(SetTextKeyword.groovy:45)
	at com.kms.katalon.core.webui.keyword.builtin.SetTextKeyword$_setText_closure1.call(SetTextKeyword.groovy)
	at com.kms.katalon.core.webui.keyword.internal.WebUIKeywordMain.runKeyword(WebUIKeywordMain.groovy:20)
	... 19 more]]></system-err>
   </testsuite>
</testsuites>
