<?xml version="1.0" encoding="UTF-8"?>
<testsuites name="SmokeTestSuite" time="162.807" tests="8" failures="1" errors="0">
   <testsuite name="SmokeTestSuite" tests="8" failures="1" errors="0" time="162.807" skipped="0" timestamp="2022-10-10 15:40:07" hostname="pasindus - ITELPTD031.embla.lk" id="Test Suites/SmokeTestSuite">
      <properties>
         <property name="deviceName" value=""/>
         <property name="devicePlatform" value=""/>
         <property name="logFolder" value="C:\\Users\\PasinduS\\Katalon Studio\\EmblaFT\\Reports\\20221010_153955\\SmokeTestSuite\\20221010_153955"/>
         <property name="logFiles" value="C:\\Users\\PasinduS\\Katalon Studio\\EmblaFT\\Reports\\20221010_153955\\SmokeTestSuite\\20221010_153955\\execution0.log"/>
         <property name="attachments" value="C:\\Users\\PasinduS\\Katalon Studio\\EmblaFT\\Reports\\20221010_153955\\SmokeTestSuite\\20221010_153955\\1665396769538.png"/>
         <property name="hostName" value="pasindus - ITELPTD031.embla.lk"/>
         <property name="os" value="Windows 10 64bit"/>
         <property name="katalonVersion" value="8.4.1.208"/>
         <property name="browser" value="Chrome 106.0.0.0"/>
         <property name="hostAddress" value="192.168.1.52"/>
         <property name="sessionId" value="299b99ced8d067c43a7cdcaab9f3fd55"/>
         <property name="seleniumVersion" value="3.141.59"/>
         <property name="proxyInformation" value="ProxyInformation { proxyOption=NO_PROXY, proxyServerType=HTTP, username=, password=********, proxyServerAddress=, proxyServerPort=0, executionList=&quot;&quot;, isApplyToDesiredCapabilities=true }"/>
         <property name="platform" value="Windows 10"/>
      </properties>
      <testcase name="Test Cases/SmokeTestCases/Login" time="42.405" classname="Test Cases/SmokeTestCases/Login" status="PASSED">
         <system-out><![CDATA[2022-10-10 15:40:07 - [TEST_CASE][PASSED] - Test Cases/SmokeTestCases/Login: Test Cases/SmokeTestCases/Login

2022-10-10 15:40:08 - [TEST_STEP][PASSED] - openBrowser(""): Browser is opened with url: ''

2022-10-10 15:40:08 - [MESSAGE][INFO] - Starting 'Chrome' driver

2022-10-10 15:40:08 - [MESSAGE][INFO] - Action delay is set to 0 milliseconds

2022-10-10 15:40:11 - [MESSAGE][PASSED] - Browser is opened with url: ''

2022-10-10 15:40:11 - [TEST_STEP][PASSED] - deleteAllCookies(): Delete all cookies successfully

2022-10-10 15:40:11 - [MESSAGE][PASSED] - Delete all cookies successfully

2022-10-10 15:40:11 - [TEST_STEP][PASSED] - maximizeWindow(): Current window maximized

2022-10-10 15:40:11 - [MESSAGE][PASSED] - Current window maximized

2022-10-10 15:40:11 - [TEST_STEP][PASSED] - navigateToUrl("https://dev.embla.no/"): Navigate to 'https://dev.embla.no/' successfully

2022-10-10 15:40:15 - [MESSAGE][PASSED] - Navigate to 'https://dev.embla.no/' successfully

2022-10-10 15:40:15 - [TEST_STEP][PASSED] - delay(3): Delayed 3 second(s)

2022-10-10 15:40:18 - [MESSAGE][PASSED] - Delayed 3 second(s)

2022-10-10 15:40:18 - [TEST_STEP][PASSED] - click(findTestObject("Objects Base/Page_Embla Norsk Familiehistorie/input_Passord_Email")): Object: 'Object Repository/Objects Base/Page_Embla Norsk Familiehistorie/input_Passord_Email' is clicked on

2022-10-10 15:40:19 - [MESSAGE][PASSED] - Object: 'Object Repository/Objects Base/Page_Embla Norsk Familiehistorie/input_Passord_Email' is clicked on

2022-10-10 15:40:19 - [TEST_STEP][PASSED] - setText(findTestObject("Objects Base/Page_Embla Norsk Familiehistorie/input_Passord_Email", ["variable":"eranga@embla.asia"]), "eranga@embla.asia"): Text 'eranga@embla.asia' is set on object 'Object Repository/Objects Base/Page_Embla Norsk Familiehistorie/input_Passord_Email'

2022-10-10 15:40:19 - [MESSAGE][PASSED] - Text 'eranga@embla.asia' is set on object 'Object Repository/Objects Base/Page_Embla Norsk Familiehistorie/input_Passord_Email'

2022-10-10 15:40:19 - [TEST_STEP][PASSED] - click(findTestObject("Objects Base/Page_Embla Norsk Familiehistorie/input_Passord_Password")): Object: 'Object Repository/Objects Base/Page_Embla Norsk Familiehistorie/input_Passord_Password' is clicked on

2022-10-10 15:40:20 - [MESSAGE][PASSED] - Object: 'Object Repository/Objects Base/Page_Embla Norsk Familiehistorie/input_Passord_Password' is clicked on

2022-10-10 15:40:20 - [TEST_STEP][PASSED] - setText(findTestObject("Objects Base/Page_Embla Norsk Familiehistorie/input_Passord_Password"), "test123"): Text 'test123' is set on object 'Object Repository/Objects Base/Page_Embla Norsk Familiehistorie/input_Passord_Password'

2022-10-10 15:40:21 - [MESSAGE][PASSED] - Text 'test123' is set on object 'Object Repository/Objects Base/Page_Embla Norsk Familiehistorie/input_Passord_Password'

2022-10-10 15:40:21 - [TEST_STEP][PASSED] - delay(1): Delayed 1 second(s)

2022-10-10 15:40:22 - [MESSAGE][PASSED] - Delayed 1 second(s)

2022-10-10 15:40:22 - [TEST_STEP][PASSED] - click(findTestObject("Objects Base/Page_Embla Norsk Familiehistorie/input_Passord_login_locktop login2")): Object: 'Object Repository/Objects Base/Page_Embla Norsk Familiehistorie/input_Passord_login_locktop login2' is clicked on

2022-10-10 15:40:32 - [MESSAGE][PASSED] - Object: 'Object Repository/Objects Base/Page_Embla Norsk Familiehistorie/input_Passord_login_locktop login2' is clicked on

2022-10-10 15:40:32 - [TEST_STEP][PASSED] - navigateToUrl("https://dev.embla.no/Account/Login"): Navigate to 'https://dev.embla.no/Account/Login' successfully

2022-10-10 15:40:33 - [MESSAGE][PASSED] - Navigate to 'https://dev.embla.no/Account/Login' successfully

2022-10-10 15:40:33 - [TEST_STEP][PASSED] - waitForPageLoad(0): Wait for page load successfully

2022-10-10 15:40:33 - [MESSAGE][WARNING] - Timeout '0' is invalid. Using default page load timeout: '30'

2022-10-10 15:40:33 - [MESSAGE][PASSED] - Wait for page load successfully

2022-10-10 15:40:33 - [TEST_STEP][PASSED] - click(findTestObject("Objects Base/Page_Embla Norsk Familiehistorie/a_Versjon 10")): Object: 'Object Repository/Objects Base/Page_Embla Norsk Familiehistorie/a_Versjon 10' is clicked on

2022-10-10 15:40:46 - [MESSAGE][PASSED] - Object: 'Object Repository/Objects Base/Page_Embla Norsk Familiehistorie/a_Versjon 10' is clicked on

2022-10-10 15:40:46 - [TEST_STEP][PASSED] - delay(3): Delayed 3 second(s)

2022-10-10 15:40:49 - [MESSAGE][PASSED] - Delayed 3 second(s)]]></system-out>
         <system-err><![CDATA[]]></system-err>
      </testcase>
      <testcase name="Test Cases/SmokeTestCases/CreateNewFamilyTree" time="10.609" classname="Test Cases/SmokeTestCases/CreateNewFamilyTree" status="PASSED">
         <system-out><![CDATA[2022-10-10 15:40:49 - [TEST_CASE][PASSED] - Test Cases/SmokeTestCases/CreateNewFamilyTree: Test Cases/SmokeTestCases/CreateNewFamilyTree

2022-10-10 15:40:50 - [TEST_STEP][PASSED] - click(findTestObject("Object Repository/CreateNewFamilyTree/Page_Embla Familie og Slekt/div_ Administrere familietrrOppret_4b7e8e")): Object: 'Object Repository/CreateNewFamilyTree/Page_Embla Familie og Slekt/div_ Administrere familietrrOppret_4b7e8e' is clicked on

2022-10-10 15:40:52 - [MESSAGE][PASSED] - Object: 'Object Repository/CreateNewFamilyTree/Page_Embla Familie og Slekt/div_ Administrere familietrrOppret_4b7e8e' is clicked on

2022-10-10 15:40:52 - [TEST_STEP][PASSED] - click(findTestObject("Object Repository/CreateNewFamilyTree/Page_Embla Familie og Slekt/div_Opprett nytt slektstre")): Object: 'Object Repository/CreateNewFamilyTree/Page_Embla Familie og Slekt/div_Opprett nytt slektstre' is clicked on

2022-10-10 15:40:52 - [MESSAGE][PASSED] - Object: 'Object Repository/CreateNewFamilyTree/Page_Embla Familie og Slekt/div_Opprett nytt slektstre' is clicked on

2022-10-10 15:40:52 - [TEST_STEP][PASSED] - setText(findTestObject("CreateNewFamilyTree/Page_Embla Familie og Slekt/input_Navnet til familietreet_ProjectName"), "pasi123"): Text 'pasi123' is set on object 'Object Repository/CreateNewFamilyTree/Page_Embla Familie og Slekt/input_Navnet til familietreet_ProjectName'

2022-10-10 15:40:53 - [MESSAGE][PASSED] - Text 'pasi123' is set on object 'Object Repository/CreateNewFamilyTree/Page_Embla Familie og Slekt/input_Navnet til familietreet_ProjectName'

2022-10-10 15:40:53 - [TEST_STEP][PASSED] - setText(findTestObject("Object Repository/CreateNewFamilyTree/Page_Embla Familie og Slekt/input_Fornavn_GivenName"), "pasi"): Text 'pasi' is set on object 'Object Repository/CreateNewFamilyTree/Page_Embla Familie og Slekt/input_Fornavn_GivenName'

2022-10-10 15:40:54 - [MESSAGE][PASSED] - Text 'pasi' is set on object 'Object Repository/CreateNewFamilyTree/Page_Embla Familie og Slekt/input_Fornavn_GivenName'

2022-10-10 15:40:54 - [TEST_STEP][PASSED] - setText(findTestObject("Object Repository/CreateNewFamilyTree/Page_Embla Familie og Slekt/input_Etternavn_LastName"), "chathu"): Text 'chathu' is set on object 'Object Repository/CreateNewFamilyTree/Page_Embla Familie og Slekt/input_Etternavn_LastName'

2022-10-10 15:40:55 - [MESSAGE][PASSED] - Text 'chathu' is set on object 'Object Repository/CreateNewFamilyTree/Page_Embla Familie og Slekt/input_Etternavn_LastName'

2022-10-10 15:40:55 - [TEST_STEP][PASSED] - click(findTestObject("Object Repository/CreateNewFamilyTree/Page_Embla Familie og Slekt/input_Mann_gender")): Object: 'Object Repository/CreateNewFamilyTree/Page_Embla Familie og Slekt/input_Mann_gender' is clicked on

2022-10-10 15:40:55 - [MESSAGE][PASSED] - Object: 'Object Repository/CreateNewFamilyTree/Page_Embla Familie og Slekt/input_Mann_gender' is clicked on

2022-10-10 15:40:55 - [TEST_STEP][PASSED] - click(findTestObject("Object Repository/CreateNewFamilyTree/Page_Embla Familie og Slekt/button_Lagre")): Object: 'Object Repository/CreateNewFamilyTree/Page_Embla Familie og Slekt/button_Lagre' is clicked on

2022-10-10 15:40:56 - [MESSAGE][PASSED] - Object: 'Object Repository/CreateNewFamilyTree/Page_Embla Familie og Slekt/button_Lagre' is clicked on

2022-10-10 15:40:56 - [TEST_STEP][PASSED] - click(findTestObject("Object Repository/CreateNewFamilyTree/Page_Embla Familie og Slekt/a_Hjem")): Object: 'Object Repository/CreateNewFamilyTree/Page_Embla Familie og Slekt/a_Hjem' is clicked on

2022-10-10 15:40:59 - [MESSAGE][PASSED] - Object: 'Object Repository/CreateNewFamilyTree/Page_Embla Familie og Slekt/a_Hjem' is clicked on

2022-10-10 15:40:59 - [TEST_STEP][PASSED] - navigateToUrl("http://dev.ft.embla.no/dashboard"): Navigate to 'http://dev.ft.embla.no/dashboard' successfully

2022-10-10 15:41:00 - [MESSAGE][PASSED] - Navigate to 'http://dev.ft.embla.no/dashboard' successfully]]></system-out>
         <system-err><![CDATA[]]></system-err>
      </testcase>
      <testcase name="Test Cases/SmokeTestCases/MemberEditor" time="4.707" classname="Test Cases/SmokeTestCases/MemberEditor" status="PASSED">
         <system-out><![CDATA[2022-10-10 15:41:00 - [TEST_CASE][PASSED] - Test Cases/SmokeTestCases/MemberEditor: Test Cases/SmokeTestCases/MemberEditor

2022-10-10 15:41:00 - [TEST_STEP][PASSED] - click(findTestObject("Object Repository/MemberEditor/Page_Embla Familie og Slekt/a_Ressurser")): Object: 'Object Repository/MemberEditor/Page_Embla Familie og Slekt/a_Ressurser' is clicked on

2022-10-10 15:41:02 - [MESSAGE][PASSED] - Object: 'Object Repository/MemberEditor/Page_Embla Familie og Slekt/a_Ressurser' is clicked on

2022-10-10 15:41:02 - [TEST_STEP][PASSED] - click(findTestObject("Object Repository/MemberEditor/Page_Embla Familie og Slekt/li_Person")): Object: 'Object Repository/MemberEditor/Page_Embla Familie og Slekt/li_Person' is clicked on

2022-10-10 15:41:03 - [MESSAGE][PASSED] - Object: 'Object Repository/MemberEditor/Page_Embla Familie og Slekt/li_Person' is clicked on

2022-10-10 15:41:03 - [TEST_STEP][PASSED] - click(findTestObject("Object Repository/MemberEditor/Page_Embla Familie og Slekt/a_Hjem")): Object: 'Object Repository/MemberEditor/Page_Embla Familie og Slekt/a_Hjem' is clicked on

2022-10-10 15:41:05 - [MESSAGE][PASSED] - Object: 'Object Repository/MemberEditor/Page_Embla Familie og Slekt/a_Hjem' is clicked on]]></system-out>
         <system-err><![CDATA[]]></system-err>
      </testcase>
      <testcase name="Test Cases/SmokeTestCases/FamilyEditor" time="5.923" classname="Test Cases/SmokeTestCases/FamilyEditor" status="PASSED">
         <system-out><![CDATA[2022-10-10 15:41:05 - [TEST_CASE][PASSED] - Test Cases/SmokeTestCases/FamilyEditor: Test Cases/SmokeTestCases/FamilyEditor

2022-10-10 15:41:05 - [TEST_STEP][PASSED] - navigateToUrl("http://dev.ft.embla.no/dashboard"): Navigate to 'http://dev.ft.embla.no/dashboard' successfully

2022-10-10 15:41:06 - [MESSAGE][PASSED] - Navigate to 'http://dev.ft.embla.no/dashboard' successfully

2022-10-10 15:41:06 - [TEST_STEP][PASSED] - click(findTestObject("Object Repository/EditorNavigation/Page_Embla Familie og Slekt/li_RessurserOversiktPersonFamilieStedsnavns_bc2571")): Object: 'Object Repository/EditorNavigation/Page_Embla Familie og Slekt/li_RessurserOversiktPersonFamilieStedsnavns_bc2571' is clicked on

2022-10-10 15:41:08 - [MESSAGE][PASSED] - Object: 'Object Repository/EditorNavigation/Page_Embla Familie og Slekt/li_RessurserOversiktPersonFamilieStedsnavns_bc2571' is clicked on

2022-10-10 15:41:08 - [TEST_STEP][PASSED] - click(findTestObject("Object Repository/EditorNavigation/Page_Embla Familie og Slekt/li_Familie")): Object: 'Object Repository/EditorNavigation/Page_Embla Familie og Slekt/li_Familie' is clicked on

2022-10-10 15:41:08 - [MESSAGE][PASSED] - Object: 'Object Repository/EditorNavigation/Page_Embla Familie og Slekt/li_Familie' is clicked on

2022-10-10 15:41:08 - [TEST_STEP][PASSED] - click(findTestObject("EditorNavigation/Page_Embla Familie og Slekt/a_Hjem")): Object: 'Object Repository/EditorNavigation/Page_Embla Familie og Slekt/a_Hjem' is clicked on

2022-10-10 15:41:11 - [MESSAGE][PASSED] - Object: 'Object Repository/EditorNavigation/Page_Embla Familie og Slekt/a_Hjem' is clicked on

2022-10-10 15:41:11 - [TEST_STEP][PASSED] - waitForPageLoad(0, STOP_ON_FAILURE): Wait for page load successfully

2022-10-10 15:41:11 - [MESSAGE][WARNING] - Timeout '0' is invalid. Using default page load timeout: '30'

2022-10-10 15:41:11 - [MESSAGE][PASSED] - Wait for page load successfully]]></system-out>
         <system-err><![CDATA[]]></system-err>
      </testcase>
      <testcase name="Test Cases/SmokeTestCases/PublishFanChartReport" time="10.511" classname="Test Cases/SmokeTestCases/PublishFanChartReport" status="PASSED">
         <system-out><![CDATA[2022-10-10 15:41:11 - [TEST_CASE][PASSED] - Test Cases/SmokeTestCases/PublishFanChartReport: Test Cases/SmokeTestCases/PublishFanChartReport

2022-10-10 15:41:11 - [TEST_STEP][PASSED] - waitForPageLoad(0, STOP_ON_FAILURE): Wait for page load successfully

2022-10-10 15:41:11 - [MESSAGE][WARNING] - Timeout '0' is invalid. Using default page load timeout: '30'

2022-10-10 15:41:11 - [MESSAGE][PASSED] - Wait for page load successfully

2022-10-10 15:41:11 - [TEST_STEP][PASSED] - navigateToUrl("http://dev.ft.embla.no/dashboard"): Navigate to 'http://dev.ft.embla.no/dashboard' successfully

2022-10-10 15:41:11 - [MESSAGE][PASSED] - Navigate to 'http://dev.ft.embla.no/dashboard' successfully

2022-10-10 15:41:11 - [TEST_STEP][PASSED] - click(findTestObject("Object Repository/PublishFanReport/Page_Embla Familie og Slekt/li_RapporterRapportpanelAnesirkelAnesirkel _43cf84")): Object: 'Object Repository/PublishFanReport/Page_Embla Familie og Slekt/li_RapporterRapportpanelAnesirkelAnesirkel _43cf84' is clicked on

2022-10-10 15:41:14 - [MESSAGE][PASSED] - Object: 'Object Repository/PublishFanReport/Page_Embla Familie og Slekt/li_RapporterRapportpanelAnesirkelAnesirkel _43cf84' is clicked on

2022-10-10 15:41:14 - [TEST_STEP][PASSED] - click(findTestObject("Object Repository/PublishFanReport/Page_Embla Familie og Slekt/li_Anesirkel (blader)")): Object: 'Object Repository/PublishFanReport/Page_Embla Familie og Slekt/li_Anesirkel (blader)' is clicked on

2022-10-10 15:41:14 - [MESSAGE][PASSED] - Object: 'Object Repository/PublishFanReport/Page_Embla Familie og Slekt/li_Anesirkel (blader)' is clicked on

2022-10-10 15:41:14 - [TEST_STEP][PASSED] - click(findTestObject("Object Repository/PublishFanReport/Page_Embla Familie og Slekt/div_Publiser")): Object: 'Object Repository/PublishFanReport/Page_Embla Familie og Slekt/div_Publiser' is clicked on

2022-10-10 15:41:17 - [MESSAGE][PASSED] - Object: 'Object Repository/PublishFanReport/Page_Embla Familie og Slekt/div_Publiser' is clicked on

2022-10-10 15:41:17 - [TEST_STEP][PASSED] - setText(findTestObject("Object Repository/PublishFanReport/Page_Embla Familie og Slekt/input_Tittel_reportTitle"), "Pasi"): Text 'Pasi' is set on object 'Object Repository/PublishFanReport/Page_Embla Familie og Slekt/input_Tittel_reportTitle'

2022-10-10 15:41:18 - [MESSAGE][PASSED] - Text 'Pasi' is set on object 'Object Repository/PublishFanReport/Page_Embla Familie og Slekt/input_Tittel_reportTitle'

2022-10-10 15:41:18 - [TEST_STEP][PASSED] - click(findTestObject("Object Repository/PublishFanReport/Page_Embla Familie og Slekt/button_Publiser")): Object: 'Object Repository/PublishFanReport/Page_Embla Familie og Slekt/button_Publiser' is clicked on

2022-10-10 15:41:19 - [MESSAGE][PASSED] - Object: 'Object Repository/PublishFanReport/Page_Embla Familie og Slekt/button_Publiser' is clicked on

2022-10-10 15:41:19 - [TEST_STEP][PASSED] - click(findTestObject("EditorNavigation/Page_Embla Familie og Slekt/a_Hjem")): Object: 'Object Repository/EditorNavigation/Page_Embla Familie og Slekt/a_Hjem' is clicked on

2022-10-10 15:41:21 - [MESSAGE][PASSED] - Object: 'Object Repository/EditorNavigation/Page_Embla Familie og Slekt/a_Hjem' is clicked on

2022-10-10 15:41:21 - [TEST_STEP][PASSED] - waitForPageLoad(0, STOP_ON_FAILURE): Wait for page load successfully

2022-10-10 15:41:21 - [MESSAGE][WARNING] - Timeout '0' is invalid. Using default page load timeout: '30'

2022-10-10 15:41:21 - [MESSAGE][PASSED] - Wait for page load successfully]]></system-out>
         <system-err><![CDATA[]]></system-err>
      </testcase>
      <testcase name="Test Cases/SmokeTestCases/ViewFanChartReport" time="8.36" classname="Test Cases/SmokeTestCases/ViewFanChartReport" status="PASSED">
         <system-out><![CDATA[2022-10-10 15:41:21 - [TEST_CASE][PASSED] - Test Cases/SmokeTestCases/ViewFanChartReport: Test Cases/SmokeTestCases/ViewFanChartReport

2022-10-10 15:41:21 - [TEST_STEP][PASSED] - waitForPageLoad(0, STOP_ON_FAILURE): Wait for page load successfully

2022-10-10 15:41:21 - [MESSAGE][WARNING] - Timeout '0' is invalid. Using default page load timeout: '30'

2022-10-10 15:41:22 - [MESSAGE][PASSED] - Wait for page load successfully

2022-10-10 15:41:22 - [TEST_STEP][PASSED] - navigateToUrl("http://dev.ft.embla.no/dashboard"): Navigate to 'http://dev.ft.embla.no/dashboard' successfully

2022-10-10 15:41:22 - [MESSAGE][PASSED] - Navigate to 'http://dev.ft.embla.no/dashboard' successfully

2022-10-10 15:41:22 - [TEST_STEP][PASSED] - click(findTestObject("EditorNavigation/Page_Embla Familie og Slekt/a_Hjem")): Object: 'Object Repository/EditorNavigation/Page_Embla Familie og Slekt/a_Hjem' is clicked on

2022-10-10 15:41:24 - [MESSAGE][PASSED] - Object: 'Object Repository/EditorNavigation/Page_Embla Familie og Slekt/a_Hjem' is clicked on

2022-10-10 15:41:24 - [TEST_STEP][PASSED] - click(findTestObject("Object Repository/ViewFanChartReport/Page_Embla Familie og Slekt/li_RapporterRapportpanelAnesirkelAnesirkel _43cf84")): Object: 'Object Repository/ViewFanChartReport/Page_Embla Familie og Slekt/li_RapporterRapportpanelAnesirkelAnesirkel _43cf84' is clicked on

2022-10-10 15:41:27 - [MESSAGE][PASSED] - Object: 'Object Repository/ViewFanChartReport/Page_Embla Familie og Slekt/li_RapporterRapportpanelAnesirkelAnesirkel _43cf84' is clicked on

2022-10-10 15:41:27 - [TEST_STEP][PASSED] - click(findTestObject("Object Repository/ViewFanChartReport/Page_Embla Familie og Slekt/li_Anesirkel")): Object: 'Object Repository/ViewFanChartReport/Page_Embla Familie og Slekt/li_Anesirkel' is clicked on

2022-10-10 15:41:27 - [MESSAGE][PASSED] - Object: 'Object Repository/ViewFanChartReport/Page_Embla Familie og Slekt/li_Anesirkel' is clicked on

2022-10-10 15:41:27 - [TEST_STEP][PASSED] - click(findTestObject("EditorNavigation/Page_Embla Familie og Slekt/a_Hjem")): Object: 'Object Repository/EditorNavigation/Page_Embla Familie og Slekt/a_Hjem' is clicked on

2022-10-10 15:41:30 - [MESSAGE][PASSED] - Object: 'Object Repository/EditorNavigation/Page_Embla Familie og Slekt/a_Hjem' is clicked on

2022-10-10 15:41:30 - [TEST_STEP][PASSED] - waitForPageLoad(0, STOP_ON_FAILURE): Wait for page load successfully

2022-10-10 15:41:30 - [MESSAGE][WARNING] - Timeout '0' is invalid. Using default page load timeout: '30'

2022-10-10 15:41:30 - [MESSAGE][PASSED] - Wait for page load successfully]]></system-out>
         <system-err><![CDATA[]]></system-err>
      </testcase>
      <testcase name="Test Cases/SmokeTestCases/MulitimediaList" time="44.903" classname="Test Cases/SmokeTestCases/MulitimediaList" status="PASSED">
         <system-out><![CDATA[2022-10-10 15:41:30 - [TEST_CASE][PASSED] - Test Cases/SmokeTestCases/MulitimediaList: Test Cases/SmokeTestCases/MulitimediaList

2022-10-10 15:41:30 - [TEST_STEP][PASSED] - callTestCase(findTestCase("Base/Login"), [:], STOP_ON_FAILURE): Call Test Case 'Test Cases/Base/Login' successfully

2022-10-10 15:41:30 - [TEST_CASE][PASSED] - Test Cases/Base/Login: Test Cases/Base/Login

2022-10-10 15:41:30 - [TEST_STEP][PASSED] - openBrowser(""): Browser is opened with url: ''

2022-10-10 15:41:30 - [MESSAGE][WARNING] - A browser is already opened. Closing browser and opening a new one

2022-10-10 15:41:31 - [MESSAGE][INFO] - Starting 'Chrome' driver

2022-10-10 15:41:31 - [MESSAGE][INFO] - Action delay is set to 0 milliseconds

2022-10-10 15:41:32 - [MESSAGE][PASSED] - Browser is opened with url: ''

2022-10-10 15:41:32 - [TEST_STEP][PASSED] - deleteAllCookies(): Delete all cookies successfully

2022-10-10 15:41:33 - [MESSAGE][PASSED] - Delete all cookies successfully

2022-10-10 15:41:33 - [TEST_STEP][PASSED] - maximizeWindow(): Current window maximized

2022-10-10 15:41:33 - [MESSAGE][PASSED] - Current window maximized

2022-10-10 15:41:33 - [TEST_STEP][PASSED] - navigateToUrl("https://dev.embla.no/"): Navigate to 'https://dev.embla.no/' successfully

2022-10-10 15:41:38 - [MESSAGE][PASSED] - Navigate to 'https://dev.embla.no/' successfully

2022-10-10 15:41:38 - [TEST_STEP][PASSED] - delay(3): Delayed 3 second(s)

2022-10-10 15:41:41 - [MESSAGE][PASSED] - Delayed 3 second(s)

2022-10-10 15:41:41 - [TEST_STEP][PASSED] - click(findTestObject("Objects Base/Page_Embla Norsk Familiehistorie/input_Passord_Email")): Object: 'Object Repository/Objects Base/Page_Embla Norsk Familiehistorie/input_Passord_Email' is clicked on

2022-10-10 15:41:41 - [MESSAGE][PASSED] - Object: 'Object Repository/Objects Base/Page_Embla Norsk Familiehistorie/input_Passord_Email' is clicked on

2022-10-10 15:41:41 - [TEST_STEP][PASSED] - setText(findTestObject("Objects Base/Page_Embla Norsk Familiehistorie/input_Passord_Email", ["variable":"eranga@embla.asia"]), "eranga@embla.asia"): Text 'eranga@embla.asia' is set on object 'Object Repository/Objects Base/Page_Embla Norsk Familiehistorie/input_Passord_Email'

2022-10-10 15:41:42 - [MESSAGE][PASSED] - Text 'eranga@embla.asia' is set on object 'Object Repository/Objects Base/Page_Embla Norsk Familiehistorie/input_Passord_Email'

2022-10-10 15:41:42 - [TEST_STEP][PASSED] - click(findTestObject("Objects Base/Page_Embla Norsk Familiehistorie/input_Passord_Password")): Object: 'Object Repository/Objects Base/Page_Embla Norsk Familiehistorie/input_Passord_Password' is clicked on

2022-10-10 15:41:42 - [MESSAGE][PASSED] - Object: 'Object Repository/Objects Base/Page_Embla Norsk Familiehistorie/input_Passord_Password' is clicked on

2022-10-10 15:41:42 - [TEST_STEP][PASSED] - setText(findTestObject("Objects Base/Page_Embla Norsk Familiehistorie/input_Passord_Password"), "test123"): Text 'test123' is set on object 'Object Repository/Objects Base/Page_Embla Norsk Familiehistorie/input_Passord_Password'

2022-10-10 15:41:43 - [MESSAGE][PASSED] - Text 'test123' is set on object 'Object Repository/Objects Base/Page_Embla Norsk Familiehistorie/input_Passord_Password'

2022-10-10 15:41:43 - [TEST_STEP][PASSED] - delay(1): Delayed 1 second(s)

2022-10-10 15:41:44 - [MESSAGE][PASSED] - Delayed 1 second(s)

2022-10-10 15:41:44 - [TEST_STEP][PASSED] - click(findTestObject("Objects Base/Page_Embla Norsk Familiehistorie/input_Passord_login_locktop login2")): Object: 'Object Repository/Objects Base/Page_Embla Norsk Familiehistorie/input_Passord_login_locktop login2' is clicked on

2022-10-10 15:41:53 - [MESSAGE][PASSED] - Object: 'Object Repository/Objects Base/Page_Embla Norsk Familiehistorie/input_Passord_login_locktop login2' is clicked on

2022-10-10 15:41:53 - [TEST_STEP][PASSED] - navigateToUrl("https://dev.embla.no/Account/Login"): Navigate to 'https://dev.embla.no/Account/Login' successfully

2022-10-10 15:41:53 - [MESSAGE][PASSED] - Navigate to 'https://dev.embla.no/Account/Login' successfully

2022-10-10 15:41:53 - [TEST_STEP][PASSED] - waitForPageLoad(7): Wait for page load successfully

2022-10-10 15:41:53 - [MESSAGE][PASSED] - Wait for page load successfully

2022-10-10 15:41:53 - [TEST_STEP][PASSED] - click(findTestObject("Objects Base/Page_Embla Norsk Familiehistorie/a_Versjon 10")): Object: 'Object Repository/Objects Base/Page_Embla Norsk Familiehistorie/a_Versjon 10' is clicked on

2022-10-10 15:42:05 - [MESSAGE][PASSED] - Object: 'Object Repository/Objects Base/Page_Embla Norsk Familiehistorie/a_Versjon 10' is clicked on

2022-10-10 15:42:05 - [TEST_STEP][PASSED] - delay(3): Delayed 3 second(s)

2022-10-10 15:42:08 - [MESSAGE][PASSED] - Delayed 3 second(s)

2022-10-10 15:42:08 - [MESSAGE][PASSED] - Call Test Case 'Test Cases/Base/Login' successfully

2022-10-10 15:42:08 - [TEST_STEP][PASSED] - waitForPageLoad(0, STOP_ON_FAILURE): Wait for page load successfully

2022-10-10 15:42:08 - [MESSAGE][WARNING] - Timeout '0' is invalid. Using default page load timeout: '30'

2022-10-10 15:42:08 - [MESSAGE][PASSED] - Wait for page load successfully

2022-10-10 15:42:08 - [TEST_STEP][PASSED] - navigateToUrl("http://dev.ft.embla.no/dashboard"): Navigate to 'http://dev.ft.embla.no/dashboard' successfully

2022-10-10 15:42:09 - [MESSAGE][PASSED] - Navigate to 'http://dev.ft.embla.no/dashboard' successfully

2022-10-10 15:42:09 - [TEST_STEP][PASSED] - click(findTestObject("Object Repository/ViewMulitimediaList/Page_Embla Familie og Slekt/li_RessurserOversiktPersonFamilieStedsnavns_bc2571")): Object: 'Object Repository/ViewMulitimediaList/Page_Embla Familie og Slekt/li_RessurserOversiktPersonFamilieStedsnavns_bc2571' is clicked on

2022-10-10 15:42:09 - [MESSAGE][PASSED] - Object: 'Object Repository/ViewMulitimediaList/Page_Embla Familie og Slekt/li_RessurserOversiktPersonFamilieStedsnavns_bc2571' is clicked on

2022-10-10 15:42:09 - [TEST_STEP][PASSED] - click(findTestObject("Object Repository/ViewMulitimediaList/Page_Embla Familie og Slekt/li_Multimedialiste")): Object: 'Object Repository/ViewMulitimediaList/Page_Embla Familie og Slekt/li_Multimedialiste' is clicked on

2022-10-10 15:42:11 - [MESSAGE][PASSED] - Object: 'Object Repository/ViewMulitimediaList/Page_Embla Familie og Slekt/li_Multimedialiste' is clicked on

2022-10-10 15:42:11 - [TEST_STEP][PASSED] - waitForPageLoad(0, STOP_ON_FAILURE): Wait for page load successfully

2022-10-10 15:42:11 - [MESSAGE][WARNING] - Timeout '0' is invalid. Using default page load timeout: '30'

2022-10-10 15:42:11 - [MESSAGE][PASSED] - Wait for page load successfully

2022-10-10 15:42:11 - [TEST_STEP][PASSED] - click(findTestObject("Object Repository/ViewMulitimediaList/Page_Embla Familie og Slekt/button_Avbryt")): Object: 'Object Repository/ViewMulitimediaList/Page_Embla Familie og Slekt/button_Avbryt' is clicked on

2022-10-10 15:42:12 - [MESSAGE][PASSED] - Object: 'Object Repository/ViewMulitimediaList/Page_Embla Familie og Slekt/button_Avbryt' is clicked on

2022-10-10 15:42:12 - [TEST_STEP][PASSED] - click(findTestObject("CreateNewFamilyTree/Page_Embla Familie og Slekt/a_Hjem"), STOP_ON_FAILURE): Object: 'Object Repository/CreateNewFamilyTree/Page_Embla Familie og Slekt/a_Hjem' is clicked on

2022-10-10 15:42:14 - [MESSAGE][PASSED] - Object: 'Object Repository/CreateNewFamilyTree/Page_Embla Familie og Slekt/a_Hjem' is clicked on]]></system-out>
         <system-err><![CDATA[]]></system-err>
      </testcase>
      <testcase name="Test Cases/SmokeTestCases/ExportFamilyTrees" time="34.919" classname="Test Cases/SmokeTestCases/ExportFamilyTrees" status="FAILED">
         <failure type="FAILED" message="Test Cases/SmokeTestCases/ExportFamilyTrees FAILED.
Reason:
com.kms.katalon.core.exception.StepFailedException: Unable to click on object 'Object Repository/ExportFamilyTrees/Page_Embla Familie og Slekt/div_WEB_menu-edit-icon-wrap'
	at com.kms.katalon.core.webui.keyword.internal.WebUIKeywordMain.stepFailed(WebUIKeywordMain.groovy:64)
	at com.kms.katalon.core.webui.keyword.internal.WebUIKeywordMain.runKeyword(WebUIKeywordMain.groovy:26)
	at com.kms.katalon.core.webui.keyword.builtin.ClickKeyword.click(ClickKeyword.groovy:74)
	at com.kms.katalon.core.webui.keyword.builtin.ClickKeyword.execute(ClickKeyword.groovy:40)
	at com.kms.katalon.core.keyword.internal.KeywordExecutor.executeKeywordForPlatform(KeywordExecutor.groovy:74)
	at com.kms.katalon.core.webui.keyword.WebUiBuiltInKeywords.click(WebUiBuiltInKeywords.groovy:620)
	at com.kms.katalon.core.webui.keyword.WebUiBuiltInKeywords$click$3.call(Unknown Source)
	at ExportFamilyTrees.run(ExportFamilyTrees:28)
	at com.kms.katalon.core.main.ScriptEngine.run(ScriptEngine.java:194)
	at com.kms.katalon.core.main.ScriptEngine.runScriptAsRawText(ScriptEngine.java:119)
	at com.kms.katalon.core.main.TestCaseExecutor.runScript(TestCaseExecutor.java:448)
	at com.kms.katalon.core.main.TestCaseExecutor.doExecute(TestCaseExecutor.java:439)
	at com.kms.katalon.core.main.TestCaseExecutor.processExecutionPhase(TestCaseExecutor.java:418)
	at com.kms.katalon.core.main.TestCaseExecutor.accessMainPhase(TestCaseExecutor.java:410)
	at com.kms.katalon.core.main.TestCaseExecutor.execute(TestCaseExecutor.java:285)
	at com.kms.katalon.core.common.CommonExecutor.accessTestCaseMainPhase(CommonExecutor.java:65)
	at com.kms.katalon.core.main.TestSuiteExecutor.accessTestSuiteMainPhase(TestSuiteExecutor.java:144)
	at com.kms.katalon.core.main.TestSuiteExecutor.execute(TestSuiteExecutor.java:106)
	at com.kms.katalon.core.main.TestCaseMain.startTestSuite(TestCaseMain.java:185)
	at com.kms.katalon.core.main.TestCaseMain$startTestSuite$0.call(Unknown Source)
	at TempTestSuite1665396595509.run(TempTestSuite1665396595509.groovy:36)
Caused by: com.kms.katalon.core.webui.exception.WebElementNotFoundException: Web element with id: 'Object Repository/ExportFamilyTrees/Page_Embla Familie og Slekt/div_WEB_menu-edit-icon-wrap' located by '(.//*[normalize-space(text()) and normalize-space(.)='WEB'])[1]/following::div[3]' not found
	at com.kms.katalon.core.webui.common.WebUiCommonHelper.findWebElement(WebUiCommonHelper.java:1370)
	at com.kms.katalon.core.webui.keyword.internal.WebUIAbstractKeyword.findWebElement(WebUIAbstractKeyword.groovy:27)
	at com.kms.katalon.core.webui.keyword.builtin.ClickKeyword$_click_closure1.doCall(ClickKeyword.groovy:65)
	at com.kms.katalon.core.webui.keyword.builtin.ClickKeyword$_click_closure1.call(ClickKeyword.groovy)
	at com.kms.katalon.core.webui.keyword.internal.WebUIKeywordMain.runKeyword(WebUIKeywordMain.groovy:20)
	... 19 more
"/>
         <system-out><![CDATA[2022-10-10 15:42:14 - [TEST_CASE][FAILED] - Test Cases/SmokeTestCases/ExportFamilyTrees: Test Cases/SmokeTestCases/ExportFamilyTrees FAILED.
Reason:
com.kms.katalon.core.exception.StepFailedException: Unable to click on object 'Object Repository/ExportFamilyTrees/Page_Embla Familie og Slekt/div_WEB_menu-edit-icon-wrap'
	at com.kms.katalon.core.webui.keyword.internal.WebUIKeywordMain.stepFailed(WebUIKeywordMain.groovy:64)
	at com.kms.katalon.core.webui.keyword.internal.WebUIKeywordMain.runKeyword(WebUIKeywordMain.groovy:26)
	at com.kms.katalon.core.webui.keyword.builtin.ClickKeyword.click(ClickKeyword.groovy:74)
	at com.kms.katalon.core.webui.keyword.builtin.ClickKeyword.execute(ClickKeyword.groovy:40)
	at com.kms.katalon.core.keyword.internal.KeywordExecutor.executeKeywordForPlatform(KeywordExecutor.groovy:74)
	at com.kms.katalon.core.webui.keyword.WebUiBuiltInKeywords.click(WebUiBuiltInKeywords.groovy:620)
	at com.kms.katalon.core.webui.keyword.WebUiBuiltInKeywords$click$3.call(Unknown Source)
	at ExportFamilyTrees.run(ExportFamilyTrees:28)
	at com.kms.katalon.core.main.ScriptEngine.run(ScriptEngine.java:194)
	at com.kms.katalon.core.main.ScriptEngine.runScriptAsRawText(ScriptEngine.java:119)
	at com.kms.katalon.core.main.TestCaseExecutor.runScript(TestCaseExecutor.java:448)
	at com.kms.katalon.core.main.TestCaseExecutor.doExecute(TestCaseExecutor.java:439)
	at com.kms.katalon.core.main.TestCaseExecutor.processExecutionPhase(TestCaseExecutor.java:418)
	at com.kms.katalon.core.main.TestCaseExecutor.accessMainPhase(TestCaseExecutor.java:410)
	at com.kms.katalon.core.main.TestCaseExecutor.execute(TestCaseExecutor.java:285)
	at com.kms.katalon.core.common.CommonExecutor.accessTestCaseMainPhase(CommonExecutor.java:65)
	at com.kms.katalon.core.main.TestSuiteExecutor.accessTestSuiteMainPhase(TestSuiteExecutor.java:144)
	at com.kms.katalon.core.main.TestSuiteExecutor.execute(TestSuiteExecutor.java:106)
	at com.kms.katalon.core.main.TestCaseMain.startTestSuite(TestCaseMain.java:185)
	at com.kms.katalon.core.main.TestCaseMain$startTestSuite$0.call(Unknown Source)
	at TempTestSuite1665396595509.run(TempTestSuite1665396595509.groovy:36)
Caused by: com.kms.katalon.core.webui.exception.WebElementNotFoundException: Web element with id: 'Object Repository/ExportFamilyTrees/Page_Embla Familie og Slekt/div_WEB_menu-edit-icon-wrap' located by '(.//*[normalize-space(text()) and normalize-space(.)='WEB'])[1]/following::div[3]' not found
	at com.kms.katalon.core.webui.common.WebUiCommonHelper.findWebElement(WebUiCommonHelper.java:1370)
	at com.kms.katalon.core.webui.keyword.internal.WebUIAbstractKeyword.findWebElement(WebUIAbstractKeyword.groovy:27)
	at com.kms.katalon.core.webui.keyword.builtin.ClickKeyword$_click_closure1.doCall(ClickKeyword.groovy:65)
	at com.kms.katalon.core.webui.keyword.builtin.ClickKeyword$_click_closure1.call(ClickKeyword.groovy)
	at com.kms.katalon.core.webui.keyword.internal.WebUIKeywordMain.runKeyword(WebUIKeywordMain.groovy:20)
	... 19 more


2022-10-10 15:42:15 - [TEST_STEP][PASSED] - waitForPageLoad(0, STOP_ON_FAILURE): Wait for page load successfully

2022-10-10 15:42:15 - [MESSAGE][WARNING] - Timeout '0' is invalid. Using default page load timeout: '30'

2022-10-10 15:42:15 - [MESSAGE][PASSED] - Wait for page load successfully

2022-10-10 15:42:15 - [TEST_STEP][PASSED] - navigateToUrl("http://dev.ft.embla.no/dashboard"): Navigate to 'http://dev.ft.embla.no/dashboard' successfully

2022-10-10 15:42:15 - [MESSAGE][PASSED] - Navigate to 'http://dev.ft.embla.no/dashboard' successfully

2022-10-10 15:42:15 - [TEST_STEP][PASSED] - click(findTestObject("Object Repository/ExportFamilyTrees/Page_Embla Familie og Slekt/div__ Administrere familietrrO_d428e9")): Object: 'Object Repository/ExportFamilyTrees/Page_Embla Familie og Slekt/div__ Administrere familietrrO_d428e9' is clicked on

2022-10-10 15:42:18 - [MESSAGE][PASSED] - Object: 'Object Repository/ExportFamilyTrees/Page_Embla Familie og Slekt/div__ Administrere familietrrO_d428e9' is clicked on

2022-10-10 15:42:18 - [TEST_STEP][PASSED] - click(findTestObject("Object Repository/ExportFamilyTrees/Page_Embla Familie og Slekt/div_Administrere familietrr")): Object: 'Object Repository/ExportFamilyTrees/Page_Embla Familie og Slekt/div_Administrere familietrr' is clicked on

2022-10-10 15:42:18 - [MESSAGE][PASSED] - Object: 'Object Repository/ExportFamilyTrees/Page_Embla Familie og Slekt/div_Administrere familietrr' is clicked on

2022-10-10 15:42:18 - [TEST_STEP][FAILED] - click(findTestObject("Object Repository/ExportFamilyTrees/Page_Embla Familie og Slekt/div_WEB_menu-edit-icon-wrap")): Unable to click on object 'Object Repository/ExportFamilyTrees/Page_Embla Familie og Slekt/div_WEB_menu-edit-icon-wrap' (Root cause: com.kms.katalon.core.exception.StepFailedException: Unable to click on object 'Object Repository/ExportFamilyTrees/Page_Embla Familie og Slekt/div_WEB_menu-edit-icon-wrap'
	at com.kms.katalon.core.webui.keyword.internal.WebUIKeywordMain.stepFailed(WebUIKeywordMain.groovy:64)
	at com.kms.katalon.core.webui.keyword.internal.WebUIKeywordMain.runKeyword(WebUIKeywordMain.groovy:26)
	at com.kms.katalon.core.webui.keyword.builtin.ClickKeyword.click(ClickKeyword.groovy:74)
	at com.kms.katalon.core.webui.keyword.builtin.ClickKeyword.execute(ClickKeyword.groovy:40)
	at com.kms.katalon.core.keyword.internal.KeywordExecutor.executeKeywordForPlatform(KeywordExecutor.groovy:74)
	at com.kms.katalon.core.webui.keyword.WebUiBuiltInKeywords.click(WebUiBuiltInKeywords.groovy:620)
	at com.kms.katalon.core.webui.keyword.WebUiBuiltInKeywords$click$3.call(Unknown Source)
	at ExportFamilyTrees.run(ExportFamilyTrees:28)
	at com.kms.katalon.core.main.ScriptEngine.run(ScriptEngine.java:194)
	at com.kms.katalon.core.main.ScriptEngine.runScriptAsRawText(ScriptEngine.java:119)
	at com.kms.katalon.core.main.TestCaseExecutor.runScript(TestCaseExecutor.java:448)
	at com.kms.katalon.core.main.TestCaseExecutor.doExecute(TestCaseExecutor.java:439)
	at com.kms.katalon.core.main.TestCaseExecutor.processExecutionPhase(TestCaseExecutor.java:418)
	at com.kms.katalon.core.main.TestCaseExecutor.accessMainPhase(TestCaseExecutor.java:410)
	at com.kms.katalon.core.main.TestCaseExecutor.execute(TestCaseExecutor.java:285)
	at com.kms.katalon.core.common.CommonExecutor.accessTestCaseMainPhase(CommonExecutor.java:65)
	at com.kms.katalon.core.main.TestSuiteExecutor.accessTestSuiteMainPhase(TestSuiteExecutor.java:144)
	at com.kms.katalon.core.main.TestSuiteExecutor.execute(TestSuiteExecutor.java:106)
	at com.kms.katalon.core.main.TestCaseMain.startTestSuite(TestCaseMain.java:185)
	at com.kms.katalon.core.main.TestCaseMain$startTestSuite$0.call(Unknown Source)
	at TempTestSuite1665396595509.run(TempTestSuite1665396595509.groovy:36)
Caused by: com.kms.katalon.core.webui.exception.WebElementNotFoundException: Web element with id: 'Object Repository/ExportFamilyTrees/Page_Embla Familie og Slekt/div_WEB_menu-edit-icon-wrap' located by '(.//*[normalize-space(text()) and normalize-space(.)='WEB'])[1]/following::div[3]' not found
	at com.kms.katalon.core.webui.common.WebUiCommonHelper.findWebElement(WebUiCommonHelper.java:1370)
	at com.kms.katalon.core.webui.keyword.internal.WebUIAbstractKeyword.findWebElement(WebUIAbstractKeyword.groovy:27)
	at com.kms.katalon.core.webui.keyword.builtin.ClickKeyword$_click_closure1.doCall(ClickKeyword.groovy:65)
	at com.kms.katalon.core.webui.keyword.builtin.ClickKeyword$_click_closure1.call(ClickKeyword.groovy)
	at com.kms.katalon.core.webui.keyword.internal.WebUIKeywordMain.runKeyword(WebUIKeywordMain.groovy:20)
	at com.kms.katalon.core.webui.keyword.builtin.ClickKeyword.click(ClickKeyword.groovy:74)
	at com.kms.katalon.core.webui.keyword.builtin.ClickKeyword.execute(ClickKeyword.groovy:40)
	at com.kms.katalon.core.keyword.internal.KeywordExecutor.executeKeywordForPlatform(KeywordExecutor.groovy:74)
	at com.kms.katalon.core.webui.keyword.WebUiBuiltInKeywords.click(WebUiBuiltInKeywords.groovy:620)
	at com.kms.katalon.core.webui.keyword.WebUiBuiltInKeywords$click$3.call(Unknown Source)
	at Script1664967171486.run(Script1664967171486.groovy:28)
	... 13 more
)

2022-10-10 15:42:49 - [MESSAGE][INFO] - Unable to find the element located by 'By.xpath: (.//*[normalize-space(text()) and normalize-space(.)='WEB'])[1]/following::div[3]'. Please recheck the objects properties to make sure the desired element is located. 

2022-10-10 15:42:49 - [MESSAGE][FAILED] - Unable to click on object 'Object Repository/ExportFamilyTrees/Page_Embla Familie og Slekt/div_WEB_menu-edit-icon-wrap' (Root cause: com.kms.katalon.core.exception.StepFailedException: Unable to click on object 'Object Repository/ExportFamilyTrees/Page_Embla Familie og Slekt/div_WEB_menu-edit-icon-wrap'
	at com.kms.katalon.core.webui.keyword.internal.WebUIKeywordMain.stepFailed(WebUIKeywordMain.groovy:64)
	at com.kms.katalon.core.webui.keyword.internal.WebUIKeywordMain.runKeyword(WebUIKeywordMain.groovy:26)
	at com.kms.katalon.core.webui.keyword.builtin.ClickKeyword.click(ClickKeyword.groovy:74)
	at com.kms.katalon.core.webui.keyword.builtin.ClickKeyword.execute(ClickKeyword.groovy:40)
	at com.kms.katalon.core.keyword.internal.KeywordExecutor.executeKeywordForPlatform(KeywordExecutor.groovy:74)
	at com.kms.katalon.core.webui.keyword.WebUiBuiltInKeywords.click(WebUiBuiltInKeywords.groovy:620)
	at com.kms.katalon.core.webui.keyword.WebUiBuiltInKeywords$click$3.call(Unknown Source)
	at ExportFamilyTrees.run(ExportFamilyTrees:28)
	at com.kms.katalon.core.main.ScriptEngine.run(ScriptEngine.java:194)
	at com.kms.katalon.core.main.ScriptEngine.runScriptAsRawText(ScriptEngine.java:119)
	at com.kms.katalon.core.main.TestCaseExecutor.runScript(TestCaseExecutor.java:448)
	at com.kms.katalon.core.main.TestCaseExecutor.doExecute(TestCaseExecutor.java:439)
	at com.kms.katalon.core.main.TestCaseExecutor.processExecutionPhase(TestCaseExecutor.java:418)
	at com.kms.katalon.core.main.TestCaseExecutor.accessMainPhase(TestCaseExecutor.java:410)
	at com.kms.katalon.core.main.TestCaseExecutor.execute(TestCaseExecutor.java:285)
	at com.kms.katalon.core.common.CommonExecutor.accessTestCaseMainPhase(CommonExecutor.java:65)
	at com.kms.katalon.core.main.TestSuiteExecutor.accessTestSuiteMainPhase(TestSuiteExecutor.java:144)
	at com.kms.katalon.core.main.TestSuiteExecutor.execute(TestSuiteExecutor.java:106)
	at com.kms.katalon.core.main.TestCaseMain.startTestSuite(TestCaseMain.java:185)
	at com.kms.katalon.core.main.TestCaseMain$startTestSuite$0.call(Unknown Source)
	at TempTestSuite1665396595509.run(TempTestSuite1665396595509.groovy:36)
Caused by: com.kms.katalon.core.webui.exception.WebElementNotFoundException: Web element with id: 'Object Repository/ExportFamilyTrees/Page_Embla Familie og Slekt/div_WEB_menu-edit-icon-wrap' located by '(.//*[normalize-space(text()) and normalize-space(.)='WEB'])[1]/following::div[3]' not found
	at com.kms.katalon.core.webui.common.WebUiCommonHelper.findWebElement(WebUiCommonHelper.java:1370)
	at com.kms.katalon.core.webui.keyword.internal.WebUIAbstractKeyword.findWebElement(WebUIAbstractKeyword.groovy:27)
	at com.kms.katalon.core.webui.keyword.builtin.ClickKeyword$_click_closure1.doCall(ClickKeyword.groovy:65)
	at com.kms.katalon.core.webui.keyword.builtin.ClickKeyword$_click_closure1.call(ClickKeyword.groovy)
	at com.kms.katalon.core.webui.keyword.internal.WebUIKeywordMain.runKeyword(WebUIKeywordMain.groovy:20)
	at com.kms.katalon.core.webui.keyword.builtin.ClickKeyword.click(ClickKeyword.groovy:74)
	at com.kms.katalon.core.webui.keyword.builtin.ClickKeyword.execute(ClickKeyword.groovy:40)
	at com.kms.katalon.core.keyword.internal.KeywordExecutor.executeKeywordForPlatform(KeywordExecutor.groovy:74)
	at com.kms.katalon.core.webui.keyword.WebUiBuiltInKeywords.click(WebUiBuiltInKeywords.groovy:620)
	at com.kms.katalon.core.webui.keyword.WebUiBuiltInKeywords$click$3.call(Unknown Source)
	at Script1664967171486.run(Script1664967171486.groovy:28)
	... 13 more
)
[[ATTACHMENT|C:\\Users\\PasinduS\\Katalon Studio\\EmblaFT\\Reports\\20221010_153955\\SmokeTestSuite\\20221010_153955\\1665396769538.png]]]]></system-out>
         <system-err><![CDATA[2022-10-10 15:42:14 - [TEST_CASE][FAILED] - Test Cases/SmokeTestCases/ExportFamilyTrees: Test Cases/SmokeTestCases/ExportFamilyTrees FAILED.
Reason:
com.kms.katalon.core.exception.StepFailedException: Unable to click on object 'Object Repository/ExportFamilyTrees/Page_Embla Familie og Slekt/div_WEB_menu-edit-icon-wrap'
	at com.kms.katalon.core.webui.keyword.internal.WebUIKeywordMain.stepFailed(WebUIKeywordMain.groovy:64)
	at com.kms.katalon.core.webui.keyword.internal.WebUIKeywordMain.runKeyword(WebUIKeywordMain.groovy:26)
	at com.kms.katalon.core.webui.keyword.builtin.ClickKeyword.click(ClickKeyword.groovy:74)
	at com.kms.katalon.core.webui.keyword.builtin.ClickKeyword.execute(ClickKeyword.groovy:40)
	at com.kms.katalon.core.keyword.internal.KeywordExecutor.executeKeywordForPlatform(KeywordExecutor.groovy:74)
	at com.kms.katalon.core.webui.keyword.WebUiBuiltInKeywords.click(WebUiBuiltInKeywords.groovy:620)
	at com.kms.katalon.core.webui.keyword.WebUiBuiltInKeywords$click$3.call(Unknown Source)
	at ExportFamilyTrees.run(ExportFamilyTrees:28)
	at com.kms.katalon.core.main.ScriptEngine.run(ScriptEngine.java:194)
	at com.kms.katalon.core.main.ScriptEngine.runScriptAsRawText(ScriptEngine.java:119)
	at com.kms.katalon.core.main.TestCaseExecutor.runScript(TestCaseExecutor.java:448)
	at com.kms.katalon.core.main.TestCaseExecutor.doExecute(TestCaseExecutor.java:439)
	at com.kms.katalon.core.main.TestCaseExecutor.processExecutionPhase(TestCaseExecutor.java:418)
	at com.kms.katalon.core.main.TestCaseExecutor.accessMainPhase(TestCaseExecutor.java:410)
	at com.kms.katalon.core.main.TestCaseExecutor.execute(TestCaseExecutor.java:285)
	at com.kms.katalon.core.common.CommonExecutor.accessTestCaseMainPhase(CommonExecutor.java:65)
	at com.kms.katalon.core.main.TestSuiteExecutor.accessTestSuiteMainPhase(TestSuiteExecutor.java:144)
	at com.kms.katalon.core.main.TestSuiteExecutor.execute(TestSuiteExecutor.java:106)
	at com.kms.katalon.core.main.TestCaseMain.startTestSuite(TestCaseMain.java:185)
	at com.kms.katalon.core.main.TestCaseMain$startTestSuite$0.call(Unknown Source)
	at TempTestSuite1665396595509.run(TempTestSuite1665396595509.groovy:36)
Caused by: com.kms.katalon.core.webui.exception.WebElementNotFoundException: Web element with id: 'Object Repository/ExportFamilyTrees/Page_Embla Familie og Slekt/div_WEB_menu-edit-icon-wrap' located by '(.//*[normalize-space(text()) and normalize-space(.)='WEB'])[1]/following::div[3]' not found
	at com.kms.katalon.core.webui.common.WebUiCommonHelper.findWebElement(WebUiCommonHelper.java:1370)
	at com.kms.katalon.core.webui.keyword.internal.WebUIAbstractKeyword.findWebElement(WebUIAbstractKeyword.groovy:27)
	at com.kms.katalon.core.webui.keyword.builtin.ClickKeyword$_click_closure1.doCall(ClickKeyword.groovy:65)
	at com.kms.katalon.core.webui.keyword.builtin.ClickKeyword$_click_closure1.call(ClickKeyword.groovy)
	at com.kms.katalon.core.webui.keyword.internal.WebUIKeywordMain.runKeyword(WebUIKeywordMain.groovy:20)
	... 19 more]]></system-err>
      </testcase>
      <system-out><![CDATA[2022-10-10 15:40:07 - [TEST_SUITE][FAILED] - SmokeTestSuite: Test Cases/SmokeTestCases/ExportFamilyTrees FAILED.
Reason:
com.kms.katalon.core.exception.StepFailedException: Unable to click on object 'Object Repository/ExportFamilyTrees/Page_Embla Familie og Slekt/div_WEB_menu-edit-icon-wrap'
	at com.kms.katalon.core.webui.keyword.internal.WebUIKeywordMain.stepFailed(WebUIKeywordMain.groovy:64)
	at com.kms.katalon.core.webui.keyword.internal.WebUIKeywordMain.runKeyword(WebUIKeywordMain.groovy:26)
	at com.kms.katalon.core.webui.keyword.builtin.ClickKeyword.click(ClickKeyword.groovy:74)
	at com.kms.katalon.core.webui.keyword.builtin.ClickKeyword.execute(ClickKeyword.groovy:40)
	at com.kms.katalon.core.keyword.internal.KeywordExecutor.executeKeywordForPlatform(KeywordExecutor.groovy:74)
	at com.kms.katalon.core.webui.keyword.WebUiBuiltInKeywords.click(WebUiBuiltInKeywords.groovy:620)
	at com.kms.katalon.core.webui.keyword.WebUiBuiltInKeywords$click$3.call(Unknown Source)
	at ExportFamilyTrees.run(ExportFamilyTrees:28)
	at com.kms.katalon.core.main.ScriptEngine.run(ScriptEngine.java:194)
	at com.kms.katalon.core.main.ScriptEngine.runScriptAsRawText(ScriptEngine.java:119)
	at com.kms.katalon.core.main.TestCaseExecutor.runScript(TestCaseExecutor.java:448)
	at com.kms.katalon.core.main.TestCaseExecutor.doExecute(TestCaseExecutor.java:439)
	at com.kms.katalon.core.main.TestCaseExecutor.processExecutionPhase(TestCaseExecutor.java:418)
	at com.kms.katalon.core.main.TestCaseExecutor.accessMainPhase(TestCaseExecutor.java:410)
	at com.kms.katalon.core.main.TestCaseExecutor.execute(TestCaseExecutor.java:285)
	at com.kms.katalon.core.common.CommonExecutor.accessTestCaseMainPhase(CommonExecutor.java:65)
	at com.kms.katalon.core.main.TestSuiteExecutor.accessTestSuiteMainPhase(TestSuiteExecutor.java:144)
	at com.kms.katalon.core.main.TestSuiteExecutor.execute(TestSuiteExecutor.java:106)
	at com.kms.katalon.core.main.TestCaseMain.startTestSuite(TestCaseMain.java:185)
	at com.kms.katalon.core.main.TestCaseMain$startTestSuite$0.call(Unknown Source)
	at TempTestSuite1665396595509.run(TempTestSuite1665396595509.groovy:36)
Caused by: com.kms.katalon.core.webui.exception.WebElementNotFoundException: Web element with id: 'Object Repository/ExportFamilyTrees/Page_Embla Familie og Slekt/div_WEB_menu-edit-icon-wrap' located by '(.//*[normalize-space(text()) and normalize-space(.)='WEB'])[1]/following::div[3]' not found
	at com.kms.katalon.core.webui.common.WebUiCommonHelper.findWebElement(WebUiCommonHelper.java:1370)
	at com.kms.katalon.core.webui.keyword.internal.WebUIAbstractKeyword.findWebElement(WebUIAbstractKeyword.groovy:27)
	at com.kms.katalon.core.webui.keyword.builtin.ClickKeyword$_click_closure1.doCall(ClickKeyword.groovy:65)
	at com.kms.katalon.core.webui.keyword.builtin.ClickKeyword$_click_closure1.call(ClickKeyword.groovy)
	at com.kms.katalon.core.webui.keyword.internal.WebUIKeywordMain.runKeyword(WebUIKeywordMain.groovy:20)
	... 19 more]]></system-out>
      <system-err><![CDATA[2022-10-10 15:40:07 - [TEST_SUITE][FAILED] - SmokeTestSuite: Test Cases/SmokeTestCases/ExportFamilyTrees FAILED.
Reason:
com.kms.katalon.core.exception.StepFailedException: Unable to click on object 'Object Repository/ExportFamilyTrees/Page_Embla Familie og Slekt/div_WEB_menu-edit-icon-wrap'
	at com.kms.katalon.core.webui.keyword.internal.WebUIKeywordMain.stepFailed(WebUIKeywordMain.groovy:64)
	at com.kms.katalon.core.webui.keyword.internal.WebUIKeywordMain.runKeyword(WebUIKeywordMain.groovy:26)
	at com.kms.katalon.core.webui.keyword.builtin.ClickKeyword.click(ClickKeyword.groovy:74)
	at com.kms.katalon.core.webui.keyword.builtin.ClickKeyword.execute(ClickKeyword.groovy:40)
	at com.kms.katalon.core.keyword.internal.KeywordExecutor.executeKeywordForPlatform(KeywordExecutor.groovy:74)
	at com.kms.katalon.core.webui.keyword.WebUiBuiltInKeywords.click(WebUiBuiltInKeywords.groovy:620)
	at com.kms.katalon.core.webui.keyword.WebUiBuiltInKeywords$click$3.call(Unknown Source)
	at ExportFamilyTrees.run(ExportFamilyTrees:28)
	at com.kms.katalon.core.main.ScriptEngine.run(ScriptEngine.java:194)
	at com.kms.katalon.core.main.ScriptEngine.runScriptAsRawText(ScriptEngine.java:119)
	at com.kms.katalon.core.main.TestCaseExecutor.runScript(TestCaseExecutor.java:448)
	at com.kms.katalon.core.main.TestCaseExecutor.doExecute(TestCaseExecutor.java:439)
	at com.kms.katalon.core.main.TestCaseExecutor.processExecutionPhase(TestCaseExecutor.java:418)
	at com.kms.katalon.core.main.TestCaseExecutor.accessMainPhase(TestCaseExecutor.java:410)
	at com.kms.katalon.core.main.TestCaseExecutor.execute(TestCaseExecutor.java:285)
	at com.kms.katalon.core.common.CommonExecutor.accessTestCaseMainPhase(CommonExecutor.java:65)
	at com.kms.katalon.core.main.TestSuiteExecutor.accessTestSuiteMainPhase(TestSuiteExecutor.java:144)
	at com.kms.katalon.core.main.TestSuiteExecutor.execute(TestSuiteExecutor.java:106)
	at com.kms.katalon.core.main.TestCaseMain.startTestSuite(TestCaseMain.java:185)
	at com.kms.katalon.core.main.TestCaseMain$startTestSuite$0.call(Unknown Source)
	at TempTestSuite1665396595509.run(TempTestSuite1665396595509.groovy:36)
Caused by: com.kms.katalon.core.webui.exception.WebElementNotFoundException: Web element with id: 'Object Repository/ExportFamilyTrees/Page_Embla Familie og Slekt/div_WEB_menu-edit-icon-wrap' located by '(.//*[normalize-space(text()) and normalize-space(.)='WEB'])[1]/following::div[3]' not found
	at com.kms.katalon.core.webui.common.WebUiCommonHelper.findWebElement(WebUiCommonHelper.java:1370)
	at com.kms.katalon.core.webui.keyword.internal.WebUIAbstractKeyword.findWebElement(WebUIAbstractKeyword.groovy:27)
	at com.kms.katalon.core.webui.keyword.builtin.ClickKeyword$_click_closure1.doCall(ClickKeyword.groovy:65)
	at com.kms.katalon.core.webui.keyword.builtin.ClickKeyword$_click_closure1.call(ClickKeyword.groovy)
	at com.kms.katalon.core.webui.keyword.internal.WebUIKeywordMain.runKeyword(WebUIKeywordMain.groovy:20)
	... 19 more]]></system-err>
   </testsuite>
</testsuites>
